<?xml version="1.0" encoding="UTF-8"?>
<!-- Generated by org.testng.reporters.JUnitXMLReporter -->
<testsuite hostname="PC391477" ignored="0" name="Regression Testing...." tests="1" failures="1" timestamp="04 Oct 2018 11:09:08 GMT" time="30.836" errors="0">
  <testcase name="feature" time="28.899" classname="cucumber.api.testng.AbstractTestNGCucumberTests">
    <failure type="cucumber.runtime.CucumberException" message="java.lang.IndexOutOfBoundsException: Index: 0, Size: 0">
      <![CDATA[cucumber.runtime.CucumberException: java.lang.IndexOutOfBoundsException: Index: 0, Size: 0
	at cucumber.api.testng.TestNGCucumberRunner.runCucumber(TestNGCucumberRunner.java:69)
	at cucumber.api.testng.AbstractTestNGCucumberTests.feature(AbstractTestNGCucumberTests.java:21)
	at java.util.concurrent.FutureTask.run(FutureTask.java:266)
	at java.util.concurrent.ThreadPoolExecutor.runWorker(ThreadPoolExecutor.java:1149)
	at java.util.concurrent.ThreadPoolExecutor$Worker.run(ThreadPoolExecutor.java:624)
	at java.lang.Thread.run(Thread.java:748)
Caused by: java.lang.IndexOutOfBoundsException: Index: 0, Size: 0
	at java.util.ArrayList.rangeCheck(ArrayList.java:653)
	at java.util.ArrayList.get(ArrayList.java:429)
	at com.CucumberCraft.stepDefinitions.UserStory_US859349.user_click_on_the_calendar_button_in_textbox_named(UserStory_US859349.java:116)
	at âœ½.And user click on the calendar button in textbox named " Effective date range "(UserStory_US859349.feature:81)
... Removed 16 stack frames]]>
    </failure>
  </testcase> <!-- feature -->
</testsuite> <!-- Regression Testing.... -->
