<html>
<head><style type="text/css">h1 {background-color:#9999CC}
h2 {background-color:#BBBBCC}
h3 {background-color:#DDDDFF}
th {border:1px solid black;background-color:#CCCCDD;}
td{border:1px solid black;}
table {border:1px solid black;border-collapse: collapse;}
.chart {border:0px none black;border-collapse: collapse;background-color: none;}
.passed {background-color:lightgreen;font-weight:bold;color:darkgreen}
.failed {background-color:tomato;font-weight:bold;color:darkred}
.undefined {background-color:gold;font-weight:bold;color:goldenrod}
.skipped {background-color:silver;font-weight:bold;color:darkgray}
.passed_description {background-color:#D0FFD0;font-weight:bold;font-style:italic;color:black}
.failed_description {background-color:#FFA898;font-weight:bold;font-style:italic;color:black}
OL { counter-reset: item }
OL>LI { display: block }
OL>LI:before { content: counters(item, ".") " "; counter-increment: item }

div.header {
    display: block; text-align: center;
    position: running(header);
}
div.footer {
    display: block; text-align: center;
    position: running(footer);
}
div.content {page-break-after: always;}
@page {
	 size: __PAGESIZE__;
     @top-center {
     	content: "Detailed Results Report";
	    color: silver;
	    font-size: 14px;
     }
     @top-right {
     	content: date("dd MMM, yyyy hh:mm");
	    color: silver;
	    font-size: 8px;
     }
    @bottom-right {
    	content: "Page " counter(page) " of " counter(pages) ;
	    color: silver;
	    font-size: 8px;
    }
}
ol a::after {
  content: leader('.') target-counter(attr(href), page);
}
</style>
<title>Detailed Results Report</title>
  </head>
  <body>
    <div class='header'></div>
    <div class='footer'></div>
  <h1>Overview</h1>
<table><tr><th></th><th>Passed</th><th>Failed</th><th>Undefined</th><th>%Passed</th></tr><tr><th>Features</th><td class="passed">0</td><td class="failed">1</td><td class="undefined">0</td><td>0.00</td></tr><tr><th>Scenarios</th><td class="passed">0</td><td class="failed">1</td><td class="undefined">0</td><td>0.00</td></tr><tr><th>Steps</th><td class="passed">5</td><td class="failed">1</td><td class="undefined">3</td><td>55.56</td></tr></table><div><b>Overall Duration: 0h 00m 47s</b></div>
<a id="top"></a><h1>Table of Contents</h1><ol><li> <span class="failed"><a href="#feature-1sort-by-functionality">Sort by functionality</a></span><ol><li> <span class="failed"><a href="#sc-4-sort-by-functionality;sort-by-functionality-testing">Sort by functionality testing</a></span></li></ol></li></ol><h1>Detailed Results Report</h1><table width="700px"><tr class="failed"><td colspan="4"><b>Feature:</b> <a id="feature-1sort-by-functionality">Sort by functionality</a></td></tr><tr class="failed_description"><td colspan="4"><br></br></td></tr><tr class="failed"><td><small><b>Passed:</b> 0</small></td><td><small><b>Failed:</b> 1</small></td><td><small><b>Undefined:</b> 0</small></td><td><small>Duration: 47.36s</small></td></tr><tr class="failed"><td colspan="4" style="padding-left:20px"> <table width="100%"><tr class="failed"><td colspan="4"><b>Scenario:</b> <a id="sc-4-sort-by-functionality;sort-by-functionality-testing">Sort by functionality testing</a></td></tr><tr class="failed_description"><td colspan="4"><br></br></td></tr><tr class="failed"><td><small><b>Passed:</b> 5</small></td><td><small><b>Failed:</b> 1</small></td><td><small><b>Undefined:</b> 3</small></td><td><small>Duration: 47.36s</small></td></tr><tr class="passed"><td>Before</td><td colspan="2"></td><td width="100">9.92s</td></tr><tr class="passed"><td colspan="4"><br></br></td></tr><tr class="failed"><td colspan="4" style="padding-left:20px"> <table width="100%"><tr class="passed"><td><b>Given </b> user loads the data from &quot;excel&quot; located at &quot;srctestresourcesFixturePromo_DB_Data.xlsx&quot;</td><td width="100">1.32s</td></tr><tr class="passed"><td><b>Then </b> user launches browser with url &quot;#TestUrl&quot;</td><td width="100">29.56s</td></tr><tr class="passed"><td colspan="2"><img src="./screenshot4-sort-by-functionality_sort-by-functionality-testing1538745357226.png"  /></td></tr><tr class="passed"><td><b>And </b> user enters the Promo code &quot;#Promo Code&quot; in Search box named &quot; Promo / PST / TA Code &quot;</td><td width="100">0.94s</td></tr><tr class="passed"><td colspan="2"><img src="./screenshot4-sort-by-functionality_sort-by-functionality-testing1538745357228.png"  /></td></tr><tr class="passed"><td colspan="2"><img src="./screenshot4-sort-by-functionality_sort-by-functionality-testing1538745357229.png"  /></td></tr><tr class="passed"><td><b>And </b> user clicks on the search button</td><td width="100">0.71s</td></tr><tr class="passed"><td colspan="2"><img src="./screenshot4-sort-by-functionality_sort-by-functionality-testing1538745357231.png"  /></td></tr><tr class="passed"><td colspan="2"><img src="./screenshot4-sort-by-functionality_sort-by-functionality-testing1538745357232.png"  /></td></tr><tr class="passed"><td><b>And </b> user verify Dropdown named &quot;Sort by:&quot;</td><td width="100">1.55s</td></tr><tr class="passed"><td colspan="2"><img src="./screenshot4-sort-by-functionality_sort-by-functionality-testing1538745357234.png"  /></td></tr><tr class="failed"><td><b>And </b> user select the Dropdown with value &quot;Start date&quot;</td><td width="100">1.48s</td></tr><tr class="failed"><td colspan="2"><div><br>java.lang.IllegalArgumentException: Argument is of an illegal type: org.openqa.selenium.support.ui.Select</br><br>
	at org.openqa.selenium.remote.internal.WebElementToJsonConverter.apply(WebElementToJsonConverter.java:84)</br><br>
	at com.google.common.collect.Iterators&#36;6.transform(Iterators.java:820)</br><br>
	at com.google.common.collect.TransformedIterator.next(TransformedIterator.java:48)</br><br>
	at com.google.common.collect.Iterators.addAll(Iterators.java:373)</br><br>
	at com.google.common.collect.Lists.newArrayList(Lists.java:165)</br><br>
	at com.google.common.collect.Lists.newArrayList(Lists.java:150)</br><br>
	at org.openqa.selenium.remote.RemoteWebDriver.executeScript(RemoteWebDriver.java:534)</br><br>
	at sun.reflect.NativeMethodAccessorImpl.invoke0(Native Method)</br><br>
	at sun.reflect.NativeMethodAccessorImpl.invoke(NativeMethodAccessorImpl.java:62)</br><br>
	at sun.reflect.DelegatingMethodAccessorImpl.invoke(DelegatingMethodAccessorImpl.java:43)</br><br>
	at java.lang.reflect.Method.invoke(Method.java:498)</br><br>
	at org.openqa.selenium.support.events.EventFiringWebDriver&#36;2.invoke(EventFiringWebDriver.java:109)</br><br>
	at com.sun.proxy.&#36;Proxy21.executeScript(Unknown Source)</br><br>
	at org.openqa.selenium.support.events.EventFiringWebDriver.executeScript(EventFiringWebDriver.java:222)</br><br>
	at com.CucumberCraft.stepDefinitions.UserStrory_US859468.user_select_the_Dropdown_with_value(UserStrory_US859468.java:35)</br><br>
	at &#10045;.And user select the Dropdown with value &quot;Start date&quot;(UserStory_US868749.feature:10)</br><br>
</br></div></td></tr><tr class="failed"><td colspan="2"><img src="./screenshot4-sort-by-functionality_sort-by-functionality-testing1538745357236.png"  /></td></tr><tr class="failed"><td colspan="2"><img src="./screenshot4-sort-by-functionality_sort-by-functionality-testing1538745357237.png"  /></td></tr><tr class="failed"><td colspan="2"><img src="./screenshot4-sort-by-functionality_sort-by-functionality-testing1538745357238.png"  /></td></tr><tr class="failed"><td colspan="2"><img src="./screenshot4-sort-by-functionality_sort-by-functionality-testing1538745357239.png"  /></td></tr><tr class="skipped"><td><b>And </b> user select the Dropdown with value &quot;End date&quot;</td><td width="100">0.00s</td></tr><tr class="skipped"><td><b>And </b> user select the Dropdown with value &quot;Promo code: A to Z&quot;</td><td width="100">0.00s</td></tr><tr class="skipped"><td><b>And </b> user select the Dropdown with value &quot;Promo code: Z to A&quot;</td><td width="100">0.00s</td></tr></table></td></tr><tr class="failed"><td>After</td><td colspan="2"></td><td width="100">1.88s</td></tr><tr class="failed"><td colspan="4"><br>org.openqa.selenium.NoSuchSessionException: no such session
  (Driver info: chromedriver=2.41.578737 (49da6702b16031c40d63e5618de03a32ff6c197e),platform=Windows NT 10.0.15063 x86_64) (WARNING: The server did not provide any stacktrace information)
Command duration or timeout: 0 milliseconds
Build info: version: '3.7.1', revision: '8a0099a', time: '2017-11-06T21:01:39.354Z'
System info: host: 'PC391477', ip: '10.79.100.40', os.name: 'Windows 10', os.arch: 'amd64', os.version: '10.0', java.version: '1.8.0_141'
Driver info: org.openqa.selenium.chrome.ChromeDriver
Capabilities {acceptInsecureCerts: false, acceptSslCerts: false, applicationCacheEnabled: false, browserConnectionEnabled: false, browserName: chrome, chrome: {chromedriverVersion: 2.41.578737 (49da6702b16031..., userDataDir: C:Users716676AppDataLoc...}, cssSelectorsEnabled: true, databaseEnabled: false, goog:chromeOptions: {debuggerAddress: localhost:57953}, handlesAlerts: true, hasTouchScreen: false, javascriptEnabled: true, locationContextEnabled: true, mobileEmulationEnabled: false, nativeEvents: true, networkConnectionEnabled: false, pageLoadStrategy: normal, platform: XP, platformName: XP, rotatable: false, setWindowRect: true, takesHeapSnapshot: true, takesScreenshot: true, unexpectedAlertBehaviour: , unhandledPromptBehavior: , version: 67.0.3396.79, webStorageEnabled: true}
Session ID: 9ff16443522bbd064fef87f1acc14adf</br><br>	at sun.reflect.NativeConstructorAccessorImpl.newInstance0(Native Method)</br><br>	at sun.reflect.NativeConstructorAccessorImpl.newInstance(NativeConstructorAccessorImpl.java:62)</br><br>	at sun.reflect.DelegatingConstructorAccessorImpl.newInstance(DelegatingConstructorAccessorImpl.java:45)</br><br>	at java.lang.reflect.Constructor.newInstance(Constructor.java:423)</br><br>	at org.openqa.selenium.remote.ErrorHandler.createThrowable(ErrorHandler.java:214)</br><br>	at org.openqa.selenium.remote.ErrorHandler.throwIfResponseFailed(ErrorHandler.java:166)</br><br>	at org.openqa.selenium.remote.http.JsonHttpResponseCodec.reconstructValue(JsonHttpResponseCodec.java:40)</br><br>	at org.openqa.selenium.remote.http.AbstractHttpResponseCodec.decode(AbstractHttpResponseCodec.java:80)</br><br>	at org.openqa.selenium.remote.http.AbstractHttpResponseCodec.decode(AbstractHttpResponseCodec.java:44)</br><br>	at org.openqa.selenium.remote.HttpCommandExecutor.execute(HttpCommandExecutor.java:164)</br><br>	at org.openqa.selenium.remote.service.DriverCommandExecutor.execute(DriverCommandExecutor.java:83)</br><br>	at org.openqa.selenium.remote.RemoteWebDriver.execute(RemoteWebDriver.java:600)</br><br>	at org.openqa.selenium.remote.RemoteWebDriver.execute(RemoteWebDriver.java:657)</br><br>	at org.openqa.selenium.remote.RemoteWebDriver&#36;RemoteWebDriverOptions.deleteAllCookies(RemoteWebDriver.java:742)</br><br>	at com.CucumberCraft.supportLibraries.DriverManager.getWebDriver(DriverManager.java:51)</br><br>	at com.CucumberCraft.stepDefinitions.CukeHooks.embedScreenshot(CukeHooks.java:136)</br><br>	at sun.reflect.NativeMethodAccessorImpl.invoke0(Native Method)</br><br>	at sun.reflect.NativeMethodAccessorImpl.invoke(NativeMethodAccessorImpl.java:62)</br><br>	at sun.reflect.DelegatingMethodAccessorImpl.invoke(DelegatingMethodAccessorImpl.java:43)</br><br>	at java.lang.reflect.Method.invoke(Method.java:498)</br><br>	at cucumber.runtime.Utils&#36;1.call(Utils.java:40)</br><br>	at cucumber.runtime.Timeout.timeout(Timeout.java:16)</br><br>	at cucumber.runtime.Utils.invoke(Utils.java:34)</br><br>	at cucumber.runtime.java.JavaHookDefinition.execute(JavaHookDefinition.java:60)</br><br>	at cucumber.runtime.Runtime.runHookIfTagsMatch(Runtime.java:224)</br><br>	at cucumber.runtime.Runtime.runHooks(Runtime.java:212)</br><br>	at cucumber.runtime.Runtime.runAfterHooks(Runtime.java:206)</br><br>	at cucumber.runtime.model.CucumberScenario.run(CucumberScenario.java:46)</br><br>	at cucumber.runtime.model.CucumberFeature.run(CucumberFeature.java:165)</br><br>	at cucumber.api.testng.TestNGCucumberRunner.runCucumber(TestNGCucumberRunner.java:63)</br><br>	at cucumber.api.testng.AbstractTestNGCucumberTests.feature(AbstractTestNGCucumberTests.java:21)</br><br>	at sun.reflect.NativeMethodAccessorImpl.invoke0(Native Method)</br><br>	at sun.reflect.NativeMethodAccessorImpl.invoke(NativeMethodAccessorImpl.java:62)</br><br>	at sun.reflect.DelegatingMethodAccessorImpl.invoke(DelegatingMethodAccessorImpl.java:43)</br><br>	at java.lang.reflect.Method.invoke(Method.java:498)</br><br>	at org.testng.internal.MethodInvocationHelper.invokeMethod(MethodInvocationHelper.java:108)</br><br>	at org.testng.internal.Invoker.invokeMethod(Invoker.java:661)</br><br>	at org.testng.internal.Invoker.invokeTestMethod(Invoker.java:869)</br><br>	at org.testng.internal.Invoker.invokeTestMethods(Invoker.java:1193)</br><br>	at org.testng.internal.TestMethodWorker.invokeTestMethods(TestMethodWorker.java:126)</br><br>	at org.testng.internal.TestMethodWorker.run(TestMethodWorker.java:109)</br><br>	at org.testng.TestRunner.privateRun(TestRunner.java:744)</br><br>	at org.testng.TestRunner.run(TestRunner.java:602)</br><br>	at org.testng.SuiteRunner.runTest(SuiteRunner.java:380)</br><br>	at org.testng.SuiteRunner.access&#36;000(SuiteRunner.java:39)</br><br>	at org.testng.SuiteRunner&#36;SuiteWorker.run(SuiteRunner.java:414)</br><br>	at org.testng.internal.thread.ThreadUtil&#36;1.call(ThreadUtil.java:52)</br><br>	at java.util.concurrent.FutureTask.run(FutureTask.java:266)</br><br>	at java.util.concurrent.ThreadPoolExecutor.runWorker(ThreadPoolExecutor.java:1149)</br><br>	at java.util.concurrent.ThreadPoolExecutor&#36;Worker.run(ThreadPoolExecutor.java:624)</br><br>	at java.lang.Thread.run(Thread.java:748)</br><br></br></td></tr><tr><td colspan="5"><sup><a href="#top">Back to Table of Contents</a></sup></td></tr></table></td></tr><tr><td colspan="5"></td></tr></table>
	</body>
</html>