<html>
<head><style type="text/css">h1 {background-color:#9999CC}
h2 {background-color:#BBBBCC}
h3 {background-color:#DDDDFF}
th {border:1px solid black;background-color:#CCCCDD;}
td{border:1px solid black;}
table {border:1px solid black;border-collapse: collapse;}
.chart {border:0px none black;border-collapse: collapse;background-color: none;}
.passed {background-color:lightgreen;font-weight:bold;color:darkgreen}
.failed {background-color:tomato;font-weight:bold;color:darkred}
.undefined {background-color:gold;font-weight:bold;color:goldenrod}
.skipped {background-color:silver;font-weight:bold;color:darkgray}
.passed_description {background-color:#D0FFD0;font-weight:bold;font-style:italic;color:black}
.failed_description {background-color:#FFA898;font-weight:bold;font-style:italic;color:black}
OL { counter-reset: item }
OL>LI { display: block }
OL>LI:before { content: counters(item, ".") " "; counter-increment: item }

div.header {
    display: block; text-align: center;
    position: running(header);
}
div.footer {
    display: block; text-align: center;
    position: running(footer);
}
div.content {page-break-after: always;}
@page {
	 size: __PAGESIZE__;
     @top-center {
     	content: "Detailed Results Report";
	    color: silver;
	    font-size: 14px;
     }
     @top-right {
     	content: date("dd MMM, yyyy hh:mm");
	    color: silver;
	    font-size: 8px;
     }
    @bottom-right {
    	content: "Page " counter(page) " of " counter(pages) ;
	    color: silver;
	    font-size: 8px;
    }
}
ol a::after {
  content: leader('.') target-counter(attr(href), page);
}
</style>
<title>Detailed Results Report</title>
  </head>
  <body>
    <div class='header'></div>
    <div class='footer'></div>
  <h1>Overview</h1>
<table><tr><th></th><th>Passed</th><th>Failed</th><th>Undefined</th><th>%Passed</th></tr><tr><th>Features</th><td class="passed">0</td><td class="failed">1</td><td class="undefined">0</td><td>0.00</td></tr><tr><th>Scenarios</th><td class="passed">0</td><td class="failed">1</td><td class="undefined">0</td><td>0.00</td></tr><tr><th>Steps</th><td class="passed">2</td><td class="failed">1</td><td class="undefined">3</td><td>33.33</td></tr></table><div><b>Overall Duration: 0h 00m 20s</b></div>
<a id="top"></a><h1>Table of Contents</h1><ol><li> <span class="failed"><a href="#feature-1pagination-of-box">pagination of box</a></span><ol><li> <span class="failed"><a href="#sc-4-pagination-of-box;verify-the-pagination-is-present">Verify the pagination is present</a></span></li></ol></li></ol><h1>Detailed Results Report</h1><table width="700px"><tr class="failed"><td colspan="4"><b>Feature:</b> <a id="feature-1pagination-of-box">pagination of box</a></td></tr><tr class="failed_description"><td colspan="4"><br></br></td></tr><tr class="failed"><td><small><b>Passed:</b> 0</small></td><td><small><b>Failed:</b> 1</small></td><td><small><b>Undefined:</b> 0</small></td><td><small>Duration: 20.15s</small></td></tr><tr class="failed"><td colspan="4" style="padding-left:20px"> <table width="100%"><tr class="failed"><td colspan="4"><b>Scenario:</b> <a id="sc-4-pagination-of-box;verify-the-pagination-is-present">Verify the pagination is present</a></td></tr><tr class="failed_description"><td colspan="4"><br></br></td></tr><tr class="failed"><td><small><b>Passed:</b> 2</small></td><td><small><b>Failed:</b> 1</small></td><td><small><b>Undefined:</b> 3</small></td><td><small>Duration: 20.15s</small></td></tr><tr class="passed"><td>Before</td><td colspan="2"></td><td width="100">5.95s</td></tr><tr class="passed"><td colspan="4"><br></br></td></tr><tr class="failed"><td colspan="4" style="padding-left:20px"> <table width="100%"><tr class="passed"><td><b>Given </b> user loads the data from &quot;excel&quot; located at &quot;src/test/resources/Fixture/Promo_DB_Data.xlsx&quot;</td><td width="100">1.18s</td></tr><tr class="passed"><td><b>Then </b> user launches browser with url &quot;#TestUrl&quot;</td><td width="100">1.89s</td></tr><tr class="passed"><td colspan="2"><img src="./screenshot4-pagination-of-box_verify-the-pagination-is-present1540376234974.png"  /></td></tr><tr class="failed"><td><b>And </b> user enters the Promo code &quot;#Promo Code&quot; in Search box named &quot; Promo / PST / TA Code &quot;</td><td width="100">10.53s</td></tr><tr class="failed"><td colspan="2"><div><br>org.openqa.selenium.NoSuchElementException: no such element: Unable to locate element: {&quot;method&quot;:&quot;xpath&quot;,&quot;selector&quot;:&quot;//input[@id='ptextcode']&quot;}
  (Session info: chrome=69.0.3497.100)
  (Driver info: chromedriver=2.37.544315 (730aa6a5fdba159ac9f4c1e8cbc59bf1b5ce12b7),platform=Windows NT 6.1.7601 SP1 x86_64) (WARNING: The server did not provide any stacktrace information)
Command duration or timeout: 0 milliseconds
For documentation on this error, please visit: http://seleniumhq.org/exceptions/no_such_element.html
Build info: version: '3.7.1', revision: '8a0099a', time: '2017-11-06T21:01:39.354Z'
System info: host: 'AJIT-PC', ip: '192.168.56.1', os.name: 'Windows 7', os.arch: 'amd64', os.version: '6.1', java.version: '1.8.0_171'
Driver info: org.openqa.selenium.chrome.ChromeDriver
Capabilities {acceptInsecureCerts: false, acceptSslCerts: false, applicationCacheEnabled: false, browserConnectionEnabled: false, browserName: chrome, chrome: {chromedriverVersion: 2.37.544315 (730aa6a5fdba15..., userDataDir: C:UsersAjitAppDataLocal...}, cssSelectorsEnabled: true, databaseEnabled: false, handlesAlerts: true, hasTouchScreen: false, javascriptEnabled: true, locationContextEnabled: true, mobileEmulationEnabled: false, nativeEvents: true, networkConnectionEnabled: false, pageLoadStrategy: normal, platform: XP, platformName: XP, rotatable: false, setWindowRect: true, takesHeapSnapshot: true, takesScreenshot: true, unexpectedAlertBehaviour: , unhandledPromptBehavior: , version: 69.0.3497.100, webStorageEnabled: true}
Session ID: 95800b1a3843dbb7ea6abb4e3f4f15f9
*** Element info: {Using=xpath, value=//input[@id='ptextcode']}</br><br>
	at sun.reflect.NativeConstructorAccessorImpl.newInstance0(Native Method)</br><br>
	at sun.reflect.NativeConstructorAccessorImpl.newInstance(NativeConstructorAccessorImpl.java:62)</br><br>
	at sun.reflect.DelegatingConstructorAccessorImpl.newInstance(DelegatingConstructorAccessorImpl.java:45)</br><br>
	at java.lang.reflect.Constructor.newInstance(Constructor.java:423)</br><br>
	at org.openqa.selenium.remote.ErrorHandler.createThrowable(ErrorHandler.java:214)</br><br>
	at org.openqa.selenium.remote.ErrorHandler.throwIfResponseFailed(ErrorHandler.java:166)</br><br>
	at org.openqa.selenium.remote.http.JsonHttpResponseCodec.reconstructValue(JsonHttpResponseCodec.java:40)</br><br>
	at org.openqa.selenium.remote.http.AbstractHttpResponseCodec.decode(AbstractHttpResponseCodec.java:80)</br><br>
	at org.openqa.selenium.remote.http.AbstractHttpResponseCodec.decode(AbstractHttpResponseCodec.java:44)</br><br>
	at org.openqa.selenium.remote.HttpCommandExecutor.execute(HttpCommandExecutor.java:164)</br><br>
	at org.openqa.selenium.remote.service.DriverCommandExecutor.execute(DriverCommandExecutor.java:83)</br><br>
	at org.openqa.selenium.remote.RemoteWebDriver.execute(RemoteWebDriver.java:600)</br><br>
	at org.openqa.selenium.remote.RemoteWebDriver.findElement(RemoteWebDriver.java:370)</br><br>
	at org.openqa.selenium.remote.RemoteWebDriver.findElementByXPath(RemoteWebDriver.java:472)</br><br>
	at org.openqa.selenium.By&#36;ByXPath.findElement(By.java:361)</br><br>
	at org.openqa.selenium.remote.RemoteWebDriver.findElement(RemoteWebDriver.java:362)</br><br>
	at sun.reflect.NativeMethodAccessorImpl.invoke0(Native Method)</br><br>
	at sun.reflect.NativeMethodAccessorImpl.invoke(NativeMethodAccessorImpl.java:62)</br><br>
	at sun.reflect.DelegatingMethodAccessorImpl.invoke(DelegatingMethodAccessorImpl.java:43)</br><br>
	at java.lang.reflect.Method.invoke(Method.java:498)</br><br>
	at org.openqa.selenium.support.events.EventFiringWebDriver&#36;2.invoke(EventFiringWebDriver.java:109)</br><br>
	at com.sun.proxy.&#36;Proxy22.findElement(Unknown Source)</br><br>
	at org.openqa.selenium.support.events.EventFiringWebDriver.findElement(EventFiringWebDriver.java:193)</br><br>
	at com.CucumberCraft.stepDefinitions.UserStory_US859342.user_enters_the_Promo_code_in_Search_box_named(UserStory_US859342.java:96)</br><br>
	at &#10045;.And user enters the Promo code &quot;#Promo Code&quot; in Search box named &quot; Promo / PST / TA Code &quot;(UserStory_US869555.feature:7)</br><br>
</br></div></td></tr><tr class="failed"><td colspan="2"><img src="./screenshot4-pagination-of-box_verify-the-pagination-is-present1540376234977.png"  /></td></tr><tr class="skipped"><td><b>And </b> user clicks on the search button</td><td width="100">0.00s</td></tr><tr class="skipped"><td><b>When </b> user checks that maximum 10 promo box are present in search result</td><td width="100">0.00s</td></tr><tr class="skipped"><td><b>Then </b> user can see page number and pagination icon</td><td width="100">0.00s</td></tr></table></td></tr><tr class="failed"><td>After</td><td colspan="2"></td><td width="100">0.59s</td></tr><tr class="failed"><td colspan="4"><br>org.openqa.selenium.NoSuchSessionException: no such session
  (Driver info: chromedriver=2.37.544315 (730aa6a5fdba159ac9f4c1e8cbc59bf1b5ce12b7),platform=Windows NT 6.1.7601 SP1 x86_64) (WARNING: The server did not provide any stacktrace information)
Command duration or timeout: 0 milliseconds
Build info: version: '3.7.1', revision: '8a0099a', time: '2017-11-06T21:01:39.354Z'
System info: host: 'AJIT-PC', ip: '192.168.56.1', os.name: 'Windows 7', os.arch: 'amd64', os.version: '6.1', java.version: '1.8.0_171'
Driver info: org.openqa.selenium.chrome.ChromeDriver
Capabilities {acceptInsecureCerts: false, acceptSslCerts: false, applicationCacheEnabled: false, browserConnectionEnabled: false, browserName: chrome, chrome: {chromedriverVersion: 2.37.544315 (730aa6a5fdba15..., userDataDir: C:UsersAjitAppDataLocal...}, cssSelectorsEnabled: true, databaseEnabled: false, handlesAlerts: true, hasTouchScreen: false, javascriptEnabled: true, locationContextEnabled: true, mobileEmulationEnabled: false, nativeEvents: true, networkConnectionEnabled: false, pageLoadStrategy: normal, platform: XP, platformName: XP, rotatable: false, setWindowRect: true, takesHeapSnapshot: true, takesScreenshot: true, unexpectedAlertBehaviour: , unhandledPromptBehavior: , version: 69.0.3497.100, webStorageEnabled: true}
Session ID: 95800b1a3843dbb7ea6abb4e3f4f15f9</br><br>	at sun.reflect.NativeConstructorAccessorImpl.newInstance0(Native Method)</br><br>	at sun.reflect.NativeConstructorAccessorImpl.newInstance(NativeConstructorAccessorImpl.java:62)</br><br>	at sun.reflect.DelegatingConstructorAccessorImpl.newInstance(DelegatingConstructorAccessorImpl.java:45)</br><br>	at java.lang.reflect.Constructor.newInstance(Constructor.java:423)</br><br>	at org.openqa.selenium.remote.ErrorHandler.createThrowable(ErrorHandler.java:214)</br><br>	at org.openqa.selenium.remote.ErrorHandler.throwIfResponseFailed(ErrorHandler.java:166)</br><br>	at org.openqa.selenium.remote.http.JsonHttpResponseCodec.reconstructValue(JsonHttpResponseCodec.java:40)</br><br>	at org.openqa.selenium.remote.http.AbstractHttpResponseCodec.decode(AbstractHttpResponseCodec.java:80)</br><br>	at org.openqa.selenium.remote.http.AbstractHttpResponseCodec.decode(AbstractHttpResponseCodec.java:44)</br><br>	at org.openqa.selenium.remote.HttpCommandExecutor.execute(HttpCommandExecutor.java:164)</br><br>	at org.openqa.selenium.remote.service.DriverCommandExecutor.execute(DriverCommandExecutor.java:83)</br><br>	at org.openqa.selenium.remote.RemoteWebDriver.execute(RemoteWebDriver.java:600)</br><br>	at org.openqa.selenium.remote.RemoteWebDriver.execute(RemoteWebDriver.java:657)</br><br>	at org.openqa.selenium.remote.RemoteWebDriver&#36;RemoteWebDriverOptions.deleteAllCookies(RemoteWebDriver.java:742)</br><br>	at com.CucumberCraft.supportLibraries.DriverManager.getWebDriver(DriverManager.java:50)</br><br>	at com.CucumberCraft.stepDefinitions.CukeHooks.embedScreenshot(CukeHooks.java:137)</br><br>	at sun.reflect.NativeMethodAccessorImpl.invoke0(Native Method)</br><br>	at sun.reflect.NativeMethodAccessorImpl.invoke(NativeMethodAccessorImpl.java:62)</br><br>	at sun.reflect.DelegatingMethodAccessorImpl.invoke(DelegatingMethodAccessorImpl.java:43)</br><br>	at java.lang.reflect.Method.invoke(Method.java:498)</br><br>	at cucumber.runtime.Utils&#36;1.call(Utils.java:40)</br><br>	at cucumber.runtime.Timeout.timeout(Timeout.java:16)</br><br>	at cucumber.runtime.Utils.invoke(Utils.java:34)</br><br>	at cucumber.runtime.java.JavaHookDefinition.execute(JavaHookDefinition.java:60)</br><br>	at cucumber.runtime.Runtime.runHookIfTagsMatch(Runtime.java:224)</br><br>	at cucumber.runtime.Runtime.runHooks(Runtime.java:212)</br><br>	at cucumber.runtime.Runtime.runAfterHooks(Runtime.java:206)</br><br>	at cucumber.runtime.model.CucumberScenario.run(CucumberScenario.java:46)</br><br>	at cucumber.runtime.model.CucumberFeature.run(CucumberFeature.java:165)</br><br>	at cucumber.api.testng.TestNGCucumberRunner.runCucumber(TestNGCucumberRunner.java:63)</br><br>	at cucumber.api.testng.AbstractTestNGCucumberTests.feature(AbstractTestNGCucumberTests.java:21)</br><br>	at sun.reflect.NativeMethodAccessorImpl.invoke0(Native Method)</br><br>	at sun.reflect.NativeMethodAccessorImpl.invoke(NativeMethodAccessorImpl.java:62)</br><br>	at sun.reflect.DelegatingMethodAccessorImpl.invoke(DelegatingMethodAccessorImpl.java:43)</br><br>	at java.lang.reflect.Method.invoke(Method.java:498)</br><br>	at org.testng.internal.MethodInvocationHelper.invokeMethod(MethodInvocationHelper.java:108)</br><br>	at org.testng.internal.Invoker.invokeMethod(Invoker.java:661)</br><br>	at org.testng.internal.Invoker.invokeTestMethod(Invoker.java:869)</br><br>	at org.testng.internal.Invoker.invokeTestMethods(Invoker.java:1193)</br><br>	at org.testng.internal.TestMethodWorker.invokeTestMethods(TestMethodWorker.java:126)</br><br>	at org.testng.internal.TestMethodWorker.run(TestMethodWorker.java:109)</br><br>	at org.testng.TestRunner.privateRun(TestRunner.java:744)</br><br>	at org.testng.TestRunner.run(TestRunner.java:602)</br><br>	at org.testng.SuiteRunner.runTest(SuiteRunner.java:380)</br><br>	at org.testng.SuiteRunner.access&#36;000(SuiteRunner.java:39)</br><br>	at org.testng.SuiteRunner&#36;SuiteWorker.run(SuiteRunner.java:414)</br><br>	at org.testng.internal.thread.ThreadUtil&#36;1.call(ThreadUtil.java:52)</br><br>	at java.util.concurrent.FutureTask.run(FutureTask.java:266)</br><br>	at java.util.concurrent.ThreadPoolExecutor.runWorker(ThreadPoolExecutor.java:1149)</br><br>	at java.util.concurrent.ThreadPoolExecutor&#36;Worker.run(ThreadPoolExecutor.java:624)</br><br>	at java.lang.Thread.run(Thread.java:748)</br><br></br></td></tr><tr><td colspan="5"><sup><a href="#top">Back to Table of Contents</a></sup></td></tr></table></td></tr><tr><td colspan="5"></td></tr></table>
	</body>
</html>