<?xml version="1.0" encoding="UTF-8"?>
<testsuite xmlns:xsi="http://www.w3.org/2001/XMLSchema-instance" xsi:noNamespaceSchemaLocation="https://maven.apache.org/surefire/maven-surefire-plugin/xsd/surefire-test-report.xsd" name="TestSuite" time="87.815" tests="1" errors="0" skipped="0" failures="1">
  <properties>
    <property name="java.runtime.name" value="Java(TM) SE Runtime Environment"/>
    <property name="sun.boot.library.path" value="C:\Program Files\Java\jdk1.8.0_141\jre\bin"/>
    <property name="java.vm.version" value="25.141-b15"/>
    <property name="java.vm.vendor" value="Oracle Corporation"/>
    <property name="maven.multiModuleProjectDirectory" value="C:\Users\716676\Documents\GitHub\apt\CucumberCraft"/>
    <property name="java.vendor.url" value="http://java.oracle.com/"/>
    <property name="path.separator" value=";"/>
    <property name="guice.disable.misplaced.annotation.check" value="true"/>
    <property name="java.vm.name" value="Java HotSpot(TM) 64-Bit Server VM"/>
    <property name="file.encoding.pkg" value="sun.io"/>
    <property name="user.script" value=""/>
    <property name="user.country" value="US"/>
    <property name="sun.java.launcher" value="SUN_STANDARD"/>
    <property name="sun.os.patch.level" value=""/>
    <property name="java.vm.specification.name" value="Java Virtual Machine Specification"/>
    <property name="user.dir" value="C:\Users\716676\Documents\GitHub\apt\CucumberCraft"/>
    <property name="java.runtime.version" value="1.8.0_141-b15"/>
    <property name="java.awt.graphicsenv" value="sun.awt.Win32GraphicsEnvironment"/>
    <property name="java.endorsed.dirs" value="C:\Program Files\Java\jdk1.8.0_141\jre\lib\endorsed"/>
    <property name="os.arch" value="amd64"/>
    <property name="java.io.tmpdir" value="C:\Users\716676\AppData\Local\Temp\"/>
    <property name="line.separator" value="&#10;"/>
    <property name="java.vm.specification.vendor" value="Oracle Corporation"/>
    <property name="user.variant" value=""/>
    <property name="os.name" value="Windows 10"/>
    <property name="classworlds.conf" value="C:\Users\716676\eclipse-workspace-AA\.metadata\.plugins\org.eclipse.m2e.launching\launches\m2conf6003066922971336322.tmp"/>
    <property name="sun.jnu.encoding" value="Cp1252"/>
    <property name="java.library.path" value="C:\Program Files\Java\jdk1.8.0_141\bin;C:\WINDOWS\Sun\Java\bin;C:\WINDOWS\system32;C:\WINDOWS;C:/Program Files/Java/jre1.8.0_141/bin/server;C:/Program Files/Java/jre1.8.0_141/bin;C:/Program Files/Java/jre1.8.0_141/lib/amd64;C:\Program Files (x86)\Common Files\Oracle\Java\javapath;C:\ProgramData\Oracle\Java\javapath;C:\WINDOWS\system32;C:\WINDOWS;C:\WINDOWS\System32\Wbem;C:\WINDOWS\System32\WindowsPowerShell\v1.0\;C:\ProgramData\WebEx\WebEx\Applications;C:\apache-maven-3.5.4\bin;C:\Program Files (x86)\Java\jdk1.8.0_141\bin;C:\Program Files\Git\cmd;C:\gradle-4.10.2-bin\gradle-4.10.2\bin;C:\Program Files\nodejs\;C:\Users\716676\AppData\Roaming\npm;C:\Users\716676\AppData\Local\GitHubDesktop\bin;D:\eclipse-java-photon-R-win32-x86_64\eclipse;;."/>
    <property name="java.specification.name" value="Java Platform API Specification"/>
    <property name="java.class.version" value="52.0"/>
    <property name="sun.management.compiler" value="HotSpot 64-Bit Tiered Compilers"/>
    <property name="os.version" value="10.0"/>
    <property name="user.home" value="C:\Users\716676"/>
    <property name="user.timezone" value="Asia/Calcutta"/>
    <property name="java.awt.printerjob" value="sun.awt.windows.WPrinterJob"/>
    <property name="java.specification.version" value="1.8"/>
    <property name="file.encoding" value="Cp1252"/>
    <property name="user.name" value="716676"/>
    <property name="java.class.path" value="C:\apache-maven-3.5.4\boot\plexus-classworlds-2.5.2.jar"/>
    <property name="java.vm.specification.version" value="1.8"/>
    <property name="sun.arch.data.model" value="64"/>
    <property name="java.home" value="C:\Program Files\Java\jdk1.8.0_141\jre"/>
    <property name="sun.java.command" value="org.codehaus.plexus.classworlds.launcher.Launcher -B -s C:\apache-maven-3.5.4\conf\settings.xml install"/>
    <property name="java.specification.vendor" value="Oracle Corporation"/>
    <property name="user.language" value="en"/>
    <property name="awt.toolkit" value="sun.awt.windows.WToolkit"/>
    <property name="java.vm.info" value="mixed mode"/>
    <property name="java.version" value="1.8.0_141"/>
    <property name="java.ext.dirs" value="C:\Program Files\Java\jdk1.8.0_141\jre\lib\ext;C:\WINDOWS\Sun\Java\lib\ext"/>
    <property name="sun.boot.class.path" value="C:\Program Files\Java\jdk1.8.0_141\jre\lib\resources.jar;C:\Program Files\Java\jdk1.8.0_141\jre\lib\rt.jar;C:\Program Files\Java\jdk1.8.0_141\jre\lib\sunrsasign.jar;C:\Program Files\Java\jdk1.8.0_141\jre\lib\jsse.jar;C:\Program Files\Java\jdk1.8.0_141\jre\lib\jce.jar;C:\Program Files\Java\jdk1.8.0_141\jre\lib\charsets.jar;C:\Program Files\Java\jdk1.8.0_141\jre\lib\jfr.jar;C:\Program Files\Java\jdk1.8.0_141\jre\classes"/>
    <property name="java.vendor" value="Oracle Corporation"/>
    <property name="maven.home" value="C:\apache-maven-3.5.4"/>
    <property name="file.separator" value="\"/>
    <property name="java.vendor.url.bug" value="http://bugreport.sun.com/bugreport/"/>
    <property name="sun.cpu.endian" value="little"/>
    <property name="sun.io.unicode.encoding" value="UnicodeLittle"/>
    <property name="sun.desktop" value="windows"/>
    <property name="sun.cpu.isalist" value="amd64"/>
  </properties>
  <testcase name="feature" classname="com.CucumberCraft.TestNGrunners.RunCucumberTests_Smoke" time="81.538">
    <failure message="org.openqa.selenium.NoSuchElementException: no such element: Unable to locate element: {&quot;method&quot;:&quot;xpath&quot;,&quot;selector&quot;:&quot;//div//span/b[contains(text(),&apos;Promo code: &apos;)]&quot;}&#10;  (Session info: chrome=67.0.3396.79)&#10;  (Driver info: chromedriver=2.41.578737 (49da6702b16031c40d63e5618de03a32ff6c197e),platform=Windows NT 10.0.15063 x86_64) (WARNING: The server did not provide any stacktrace information)&#10;Command duration or timeout: 0 milliseconds&#10;For documentation on this error, please visit: http://seleniumhq.org/exceptions/no_such_element.html&#10;Build info: version: &apos;3.7.1&apos;, revision: &apos;8a0099a&apos;, time: &apos;2017-11-06T21:01:39.354Z&apos;&#10;System info: host: &apos;PC391477&apos;, ip: &apos;10.79.100.53&apos;, os.name: &apos;Windows 10&apos;, os.arch: &apos;amd64&apos;, os.version: &apos;10.0&apos;, java.version: &apos;1.8.0_141&apos;&#10;Driver info: org.openqa.selenium.chrome.ChromeDriver&#10;Capabilities {acceptInsecureCerts: false, acceptSslCerts: false, applicationCacheEnabled: false, browserConnectionEnabled: false, browserName: chrome, chrome: {chromedriverVersion: 2.41.578737 (49da6702b16031..., userDataDir: C:\Users\716676\AppData\Loc...}, cssSelectorsEnabled: true, databaseEnabled: false, goog:chromeOptions: {debuggerAddress: localhost:60813}, handlesAlerts: true, hasTouchScreen: false, javascriptEnabled: true, locationContextEnabled: true, mobileEmulationEnabled: false, nativeEvents: true, networkConnectionEnabled: false, pageLoadStrategy: normal, platform: XP, platformName: XP, rotatable: false, setWindowRect: true, takesHeapSnapshot: true, takesScreenshot: true, unexpectedAlertBehaviour: , unhandledPromptBehavior: , version: 67.0.3396.79, webStorageEnabled: true}&#10;Session ID: a7fc9fd62b8480dc8738a2eb6d6d59e2&#10;*** Element info: {Using=xpath, value=//div//span/b[contains(text(),&apos;Promo code: &apos;)]}" type="cucumber.runtime.CucumberException">cucumber.runtime.CucumberException: 
org.openqa.selenium.NoSuchElementException: no such element: Unable to locate element: {"method":"xpath","selector":"//div//span/b[contains(text(),'Promo code: ')]"}
  (Session info: chrome=67.0.3396.79)
  (Driver info: chromedriver=2.41.578737 (49da6702b16031c40d63e5618de03a32ff6c197e),platform=Windows NT 10.0.15063 x86_64) (WARNING: The server did not provide any stacktrace information)
Command duration or timeout: 0 milliseconds
For documentation on this error, please visit: http://seleniumhq.org/exceptions/no_such_element.html
Build info: version: '3.7.1', revision: '8a0099a', time: '2017-11-06T21:01:39.354Z'
System info: host: 'PC391477', ip: '10.79.100.53', os.name: 'Windows 10', os.arch: 'amd64', os.version: '10.0', java.version: '1.8.0_141'
Driver info: org.openqa.selenium.chrome.ChromeDriver
Capabilities {acceptInsecureCerts: false, acceptSslCerts: false, applicationCacheEnabled: false, browserConnectionEnabled: false, browserName: chrome, chrome: {chromedriverVersion: 2.41.578737 (49da6702b16031..., userDataDir: C:\Users\716676\AppData\Loc...}, cssSelectorsEnabled: true, databaseEnabled: false, goog:chromeOptions: {debuggerAddress: localhost:60813}, handlesAlerts: true, hasTouchScreen: false, javascriptEnabled: true, locationContextEnabled: true, mobileEmulationEnabled: false, nativeEvents: true, networkConnectionEnabled: false, pageLoadStrategy: normal, platform: XP, platformName: XP, rotatable: false, setWindowRect: true, takesHeapSnapshot: true, takesScreenshot: true, unexpectedAlertBehaviour: , unhandledPromptBehavior: , version: 67.0.3396.79, webStorageEnabled: true}
Session ID: a7fc9fd62b8480dc8738a2eb6d6d59e2
*** Element info: {Using=xpath, value=//div//span/b[contains(text(),'Promo code: ')]}
Caused by: org.openqa.selenium.NoSuchElementException: 
no such element: Unable to locate element: {"method":"xpath","selector":"//div//span/b[contains(text(),'Promo code: ')]"}
  (Session info: chrome=67.0.3396.79)
  (Driver info: chromedriver=2.41.578737 (49da6702b16031c40d63e5618de03a32ff6c197e),platform=Windows NT 10.0.15063 x86_64) (WARNING: The server did not provide any stacktrace information)
Command duration or timeout: 0 milliseconds
For documentation on this error, please visit: http://seleniumhq.org/exceptions/no_such_element.html
Build info: version: '3.7.1', revision: '8a0099a', time: '2017-11-06T21:01:39.354Z'
System info: host: 'PC391477', ip: '10.79.100.53', os.name: 'Windows 10', os.arch: 'amd64', os.version: '10.0', java.version: '1.8.0_141'
Driver info: org.openqa.selenium.chrome.ChromeDriver
Capabilities {acceptInsecureCerts: false, acceptSslCerts: false, applicationCacheEnabled: false, browserConnectionEnabled: false, browserName: chrome, chrome: {chromedriverVersion: 2.41.578737 (49da6702b16031..., userDataDir: C:\Users\716676\AppData\Loc...}, cssSelectorsEnabled: true, databaseEnabled: false, goog:chromeOptions: {debuggerAddress: localhost:60813}, handlesAlerts: true, hasTouchScreen: false, javascriptEnabled: true, locationContextEnabled: true, mobileEmulationEnabled: false, nativeEvents: true, networkConnectionEnabled: false, pageLoadStrategy: normal, platform: XP, platformName: XP, rotatable: false, setWindowRect: true, takesHeapSnapshot: true, takesScreenshot: true, unexpectedAlertBehaviour: , unhandledPromptBehavior: , version: 67.0.3396.79, webStorageEnabled: true}
Session ID: a7fc9fd62b8480dc8738a2eb6d6d59e2
*** Element info: {Using=xpath, value=//div//span/b[contains(text(),'Promo code: ')]}
</failure>
    <system-out><![CDATA[2018-10-18 20:06:02,536 [TestNG-tests-1] WARN  com.CucumberCraft.supportLibraries.WebDriverListener - Provided method is NOT a TestNG testMethod!!!
Feature: Expanded PromoBox fileds Validation
2018-10-18 20:06:04,859 [TestNG-tests-1] INFO  com.CucumberCraft.ExcelReadWrite.ExcelReadWrite - total number of tags used in file are: 2
2018-10-18 20:06:04,859 [TestNG-tests-1] INFO  com.CucumberCraft.ExcelReadWrite.ExcelReadWrite - Tags used are: [@UserStory_US880513, @TestId_APS_30]
2018-10-18 20:06:06,941 [TestNG-tests-1] INFO  com.CucumberCraft.stepDefinitions.CukeHooks - Running the Scenario : Verify the field in the expanded promo box in Search result page
2018-10-18 20:06:06,941 [TestNG-tests-1] INFO  com.CucumberCraft.stepDefinitions.CukeHooks - Running the Scenario : Verify the field in the expanded promo box in Search result page in LOCAL
2018-10-18 20:06:38,965 [TestNG-tests-1] INFO  com.CucumberCraft.ExcelReadWrite.ExcelReadWrite - Reading Excel file.................................
2018-10-18 20:06:38,966 [TestNG-tests-1] INFO  com.CucumberCraft.ExcelReadWrite.ExcelReadWrite - Reading Excel file......................................
2018-10-18 20:06:38,966 [TestNG-tests-1] INFO  com.CucumberCraft.ExcelReadWrite.ExcelReadWrite - Sucessfully loaded the excel file data from excel file name: Promo_DB_Data.xlsx
2018-10-18 20:06:38,966 [TestNG-tests-1] INFO  com.CucumberCraft.ExcelReadWrite.ExcelReadWrite - Excel file instance is closed..... 
2018-10-18 20:06:38,984 [TestNG-tests-1] INFO  com.CucumberCraft.ExcelReadWrite.ExcelReadWrite - {0=[Test Scenario, TestId, Test cases, TestUrl, Promo Code, jsonPath, Keywords, Keywords1, date, date1, date2], 1=[Promo_PST_TA Search, APS_01, Verify search label name is "Promo/PST/TA Code", https://apt-dev.apps.depaas.qcorpaa.aa.com/], 2=[Promo_PST_TA Search, APS_02, Verify the Search Box have Magnifier glass icon next to it., https://apt-dev.apps.depaas.qcorpaa.aa.com/], 3=[Promo_PST_TA Search, APS_03, Verify "Current Promos only" checkbox is present & is clickable, https://apt-dev.apps.depaas.qcorpaa.aa.com/], 4=[Promo_PST_TA Search, APS_04, Verify the Error message Required, https://apt-dev.apps.depaas.qcorpaa.aa.com/], 5=[Promo_PST_TA Search, APS_05, Verify the Error message "Enter at least 2 characters", https://apt-dev.apps.depaas.qcorpaa.aa.com/, Z], 6=[Promo_PST_TA Search, APS_06, Verify the Error message  "Special characters not allowed", https://apt-dev.apps.depaas.qcorpaa.aa.com/, #$%^], 7=[Promo_PST_TA Search, APS_07, Verify the maximum charater limit of error message "A max of 5 characters can be entered"., https://apt-dev.apps.depaas.qcorpaa.aa.com/, ASWERTY], 8=[Promo_PST_TA Search, APS_08, Verify search button will work only when the user clicks on the magnifying glass., https://apt-dev.apps.depaas.qcorpaa.aa.com/, P468B], 9=[Promo_PST_TA Search, APS_09, Verify search button will be enabled ONLY AFTER there is some user input., https://apt-dev.apps.depaas.qcorpaa.aa.com/, P468B], 10=[Promo_PST_TA Search, APS_10, Verify error message when APT can't connect to any system., https://apt-dev.apps.depaas.qcorpaa.aa.com/, P468B], 11=[Promo_PST_TA Search, APS_11, Verify user is only able to use only one search options, https://apt-dev.apps.depaas.qcorpaa.aa.com/, P468B], 12=[Promo_PST_TA Search, APS_12, Enter  a valid Promo code., https://apt-dev.apps.depaas.qcorpaa.aa.com/, P468B], 13=[Promo_PST_TA Search, APS_13, Enter  a valid PST code., https://apt-dev.apps.depaas.qcorpaa.aa.com/, RDLEP], 14=[Promo_PST_TA Search, APS_14, Enter  a valid TA code., https://apt-dev.apps.depaas.qcorpaa.aa.com/, EHI02], 15=[Promo_PST_TA Search, APS_15, Enter  a invalid Promo code., https://apt-dev.apps.depaas.qcorpaa.aa.com/, ASERT], 16=[Promo_PST_TA Search, APS_16, Enter  a invalid PST code., https://apt-dev.apps.depaas.qcorpaa.aa.com/, ZASER], 17=[Promo_PST_TA Search, APS_17, Enter  a invalid TA code., https://apt-dev.apps.depaas.qcorpaa.aa.com/, ADERT], 18=[Promo_PST_TA Search, APS_18, Select checkbox "Current promos only" after entering Promo/PT/TA code., https://apt-dev.apps.depaas.qcorpaa.aa.com/, EHI02], 19=[UserStory_US859468(Tab name and Sort by : validation), APS_19, Verify tab names on the page, https://apt-dev.apps.depaas.qcorpaa.aa.com/, RR, https://lscs-tst-adv.qcorpaa.aa.com/lscs-static/324/242/3242429b7935f62252338ef8f41d1745/content/pubcontent/en_US/aadvantage-promotions/promotion/RR.json], 20=[UserStory_US859468(Tab name and Sort by : validation), APS_20, Verify the sort dropdown and their value, https://apt-dev.apps.depaas.qcorpaa.aa.com/, RR, https://lscs-tst-adv.qcorpaa.aa.com/lscs-static/324/242/3242429b7935f62252338ef8f41d1745/content/pubcontent/en_US/aadvantage-promotions/promotion/RR.json], 21=[UserStory_US859355(Json and Promo box field validation for multiple or single ), APS_21, Verify fields name in each promobox present on the page, https://apt-dev.apps.depaas.qcorpaa.aa.com/, RR, https://lscs-tst-adv.qcorpaa.aa.com/lscs-static/324/242/3242429b7935f62252338ef8f41d1745/content/pubcontent/en_US/aadvantage-promotions/promotion/RR.json], 22=[UserStory_US859355(Json and Promo box field validation for multiple or single ), APS_22, Verify expand button against promo code and ui fields with respect to Json data, https://apt-dev.apps.depaas.qcorpaa.aa.com/, RR, https://lscs-tst-adv.qcorpaa.aa.com/lscs-static/324/242/3242429b7935f62252338ef8f41d1745/content/pubcontent/en_US/aadvantage-promotions/promotion/RVGLD.json], 23=[UserStory_US859355(Json and Promo box field validation for multiple or single ), APS_23, Verify expand button against promo code for sigle result of  promo code and ui fields with respect to Json data, https://apt-dev.apps.depaas.qcorpaa.aa.com/, RVGLD, https://lscs-tst-adv.qcorpaa.aa.com/lscs-static/324/242/3242429b7935f62252338ef8f41d1745/content/pubcontent/en_US/aadvantage-promotions/promotion/RVGLD.json], 24=[UserStory_US859355(Json and Promo box field validation for multiple or single ), APS_24, Verify expand button against promo code and ui fields with respect to Json data, https://apt-dev.apps.depaas.qcorpaa.aa.com/, RDLEP, https://lscs-tst-adv.qcorpaa.aa.com/lscs-static/324/242/3242429b7935f62252338ef8f41d1745/content/pubcontent/en_US/aadvantage-promotions/promotion/RDLEP.json], 25=[UserStory_US859355(Json and Promo box field validation for multiple or single ), APS_25, Verify expand button against promo code and ui fields with respect to Json data, https://apt-dev.apps.depaas.qcorpaa.aa.com/, RHVGL, https://lscs-tst-adv.qcorpaa.aa.com/lscs-static/324/242/3242429b7935f62252338ef8f41d1745/content/pubcontent/en_US/aadvantage-promotions/promotion/RHVGL.json], 26=[UserStory_US859355(Json and Promo box field validation for multiple or single ), APS_26, Verify expand button against promo code and ui fields with respect to Json data, https://apt-dev.apps.depaas.qcorpaa.aa.com/, RHVEP, https://lscs-tst-adv.qcorpaa.aa.com/lscs-static/324/242/3242429b7935f62252338ef8f41d1745/content/pubcontent/en_US/aadvantage-promotions/promotion/RHVEP.json], 27=[UserStory_US859355(Json and Promo box field validation for multiple or single ), APS_27, Verify expand button against promo code and ui fields with respect to Json data, https://apt-dev.apps.depaas.qcorpaa.aa.com/, CKEL6, https://lscs-tst-adv.qcorpaa.aa.com/lscs-static/324/242/3242429b7935f62252338ef8f41d1745/content/pubcontent/en_US/aadvantage-promotions/promotion/CKEL6.json], 28=[UserStory_US859355(Json and Promo box field validation for multiple or single ), APS_28, Verify expand button against promo code and ui fields with respect to Json data, https://apt-dev.apps.depaas.qcorpaa.aa.com/, CKEL6, https://lscs-tst-adv.qcorpaa.aa.com/lscs-static/324/242/3242429b7935f62252338ef8f41d1745/content/pubcontent/en_US/aadvantage-promotions/promotion/CKEL6.json], 29=[UserStory_US859355(Json and Promo box field validation for multiple or single ), APS_29, Verify expand button against promo code and ui fields with respect to Json data, https://apt-dev.apps.depaas.qcorpaa.aa.com/, CKEL6, https://lscs-tst-adv.qcorpaa.aa.com/lscs-static/324/242/3242429b7935f62252338ef8f41d1745/content/pubcontent/en_US/aadvantage-promotions/promotion/CKEL6.json], 30=[UserStory_US880513(Expanded PromoBox fileds Validation), APS_30, Verify the field in the expanded promo box in Search result page , https://apt-dev.apps.depaas.qcorpaa.aa.com/, CKEL6], 31=[UserStory_US859349(“Keywords, Date Range, Misc Search UI Component”), APS_31, Validate the fields and filed names , https://apt-dev.apps.depaas.qcorpaa.aa.com/], 32=[UserStory_US859349(“Keywords, Date Range, Misc Search UI Component”), APS_32, Validating message of the Keywords Text box, https://apt-dev.apps.depaas.qcorpaa.aa.com/, #$@sdf, NA, 1234567890asadgadggiufgfagfa1213132dgasdgasdgfgadasdgyffgasfgsfgsgfsfs1213124234ggadasdgasgf123234g234adgascbasjcgdrereertretdfgdfgfhfhgfjtyuytuytutytyrtrtrrerwerwerwer4545465465454fgdfgdgdghdfhfghfgjhghjghjghjhgdgdfggdfgdfgfhfghgfjhgjhgjbfdvdffdfsdfsdfsdfdfgertretrtrttyr655675rthgtrhtfhytutyuhfgbfg12, HV38M,HV38P,HV38T,HVL8G,CKEL1, RVPLT], 33=[UserStory_US859349(“Keywords, Date Range, Misc Search UI Component”), APS_33, Adding and removing keywords , https://apt-dev.apps.depaas.qcorpaa.aa.com/, NA, NA, NA, HV38M,HV38P,HV38T,HVL8G,CKEL1, RVPLT], 34=[UserStory_US859349(“Keywords, Date Range, Misc Search UI Component”), APS_34, Effective date range and to date box date format and two year validation message, https://apt-dev.apps.depaas.qcorpaa.aa.com/, NA, NA, NA, NA, 21/01/2018, 13/18/2018, 09/26/2016], 35=[UserStory_US859349(“Keywords, Date Range, Misc Search UI Component”), APS_35, Effective date range and to date box date format and two year validation message, https://apt-dev.apps.depaas.qcorpaa.aa.com/], 36=[UserStory_US859349(“Keywords, Date Range, Misc Search UI Component”), APS_36, Miscelaneous fileld, https://apt-dev.apps.depaas.qcorpaa.aa.com/], 37=[UserStory_US859349(“Keywords, Date Range, Misc Search UI Component”), APS_37,  Partner codes, https://apt-dev.apps.depaas.qcorpaa.aa.com/], 38=[UserStory_US859349(“Keywords, Date Range, Misc Search UI Component”), APS_38, Search button, https://apt-dev.apps.depaas.qcorpaa.aa.com/], 39=[UserStory_US859349(“Keywords, Date Range, Misc Search UI Component”), APS_39, clear all button, https://apt-dev.apps.depaas.qcorpaa.aa.com/, NA, NA, HV38M, NA, 09/26/2017, 09/26/2018], 40=[UserStory_US868749(Sort By functionality), APS_44, Verify the sort dropdown and their value, https://apt-dev.apps.depaas.qcorpaa.aa.com/, RV], 41=[UserStory_US869555(pagination), APS_45, Verify the pagination is present , https://apt-dev.apps.depaas.qcorpaa.aa.com/, AA], 42=[UserStory_US869555(pagination), APS_46, Verify the pagination is absent, https://apt-dev.apps.depaas.qcorpaa.aa.com/, RV]}
2018-10-18 20:06:38,986 [TestNG-tests-1] INFO  com.CucumberCraft.ExcelReadWrite.ExcelReadWrite - File data is sucessfully loaded to the feature file
2018-10-18 20:06:40,471 [TestNG-tests-1] INFO  com.CucumberCraft.Screenshot.ScreenshotTaker - creating browser session having session id: a7fc9fd62b8480dc8738a2eb6d6d59e2
2018-10-18 20:06:40,487 [TestNG-tests-1] INFO  com.CucumberCraft.Screenshot.EventHandler - Navigating to new page from  : 
2018-10-18 20:07:11,465 [TestNG-tests-1] INFO  com.CucumberCraft.Screenshot.EventHandler - Navigated to: https://apt-dev.apps.depaas.qcorpaa.aa.com/ using: chrome version: 67.0.3396.79
2018-10-18 20:07:11,664 [TestNG-tests-1] INFO  com.CucumberCraft.Screenshot.ScreenshotTaker - creating browser session having session id: a7fc9fd62b8480dc8738a2eb6d6d59e2
2018-10-18 20:07:11,664 [TestNG-tests-1] INFO  com.CucumberCraft.ExcelReadWrite.ExcelReadWrite - {0=[Test Scenario, TestId, Test cases, TestUrl, Promo Code, jsonPath, Keywords, Keywords1, date, date1, date2], 1=[Promo_PST_TA Search, APS_01, Verify search label name is "Promo/PST/TA Code", https://apt-dev.apps.depaas.qcorpaa.aa.com/], 2=[Promo_PST_TA Search, APS_02, Verify the Search Box have Magnifier glass icon next to it., https://apt-dev.apps.depaas.qcorpaa.aa.com/], 3=[Promo_PST_TA Search, APS_03, Verify "Current Promos only" checkbox is present & is clickable, https://apt-dev.apps.depaas.qcorpaa.aa.com/], 4=[Promo_PST_TA Search, APS_04, Verify the Error message Required, https://apt-dev.apps.depaas.qcorpaa.aa.com/], 5=[Promo_PST_TA Search, APS_05, Verify the Error message "Enter at least 2 characters", https://apt-dev.apps.depaas.qcorpaa.aa.com/, Z], 6=[Promo_PST_TA Search, APS_06, Verify the Error message  "Special characters not allowed", https://apt-dev.apps.depaas.qcorpaa.aa.com/, #$%^], 7=[Promo_PST_TA Search, APS_07, Verify the maximum charater limit of error message "A max of 5 characters can be entered"., https://apt-dev.apps.depaas.qcorpaa.aa.com/, ASWERTY], 8=[Promo_PST_TA Search, APS_08, Verify search button will work only when the user clicks on the magnifying glass., https://apt-dev.apps.depaas.qcorpaa.aa.com/, P468B], 9=[Promo_PST_TA Search, APS_09, Verify search button will be enabled ONLY AFTER there is some user input., https://apt-dev.apps.depaas.qcorpaa.aa.com/, P468B], 10=[Promo_PST_TA Search, APS_10, Verify error message when APT can't connect to any system., https://apt-dev.apps.depaas.qcorpaa.aa.com/, P468B], 11=[Promo_PST_TA Search, APS_11, Verify user is only able to use only one search options, https://apt-dev.apps.depaas.qcorpaa.aa.com/, P468B], 12=[Promo_PST_TA Search, APS_12, Enter  a valid Promo code., https://apt-dev.apps.depaas.qcorpaa.aa.com/, P468B], 13=[Promo_PST_TA Search, APS_13, Enter  a valid PST code., https://apt-dev.apps.depaas.qcorpaa.aa.com/, RDLEP], 14=[Promo_PST_TA Search, APS_14, Enter  a valid TA code., https://apt-dev.apps.depaas.qcorpaa.aa.com/, EHI02], 15=[Promo_PST_TA Search, APS_15, Enter  a invalid Promo code., https://apt-dev.apps.depaas.qcorpaa.aa.com/, ASERT], 16=[Promo_PST_TA Search, APS_16, Enter  a invalid PST code., https://apt-dev.apps.depaas.qcorpaa.aa.com/, ZASER], 17=[Promo_PST_TA Search, APS_17, Enter  a invalid TA code., https://apt-dev.apps.depaas.qcorpaa.aa.com/, ADERT], 18=[Promo_PST_TA Search, APS_18, Select checkbox "Current promos only" after entering Promo/PT/TA code., https://apt-dev.apps.depaas.qcorpaa.aa.com/, EHI02], 19=[UserStory_US859468(Tab name and Sort by : validation), APS_19, Verify tab names on the page, https://apt-dev.apps.depaas.qcorpaa.aa.com/, RR, https://lscs-tst-adv.qcorpaa.aa.com/lscs-static/324/242/3242429b7935f62252338ef8f41d1745/content/pubcontent/en_US/aadvantage-promotions/promotion/RR.json], 20=[UserStory_US859468(Tab name and Sort by : validation), APS_20, Verify the sort dropdown and their value, https://apt-dev.apps.depaas.qcorpaa.aa.com/, RR, https://lscs-tst-adv.qcorpaa.aa.com/lscs-static/324/242/3242429b7935f62252338ef8f41d1745/content/pubcontent/en_US/aadvantage-promotions/promotion/RR.json], 21=[UserStory_US859355(Json and Promo box field validation for multiple or single ), APS_21, Verify fields name in each promobox present on the page, https://apt-dev.apps.depaas.qcorpaa.aa.com/, RR, https://lscs-tst-adv.qcorpaa.aa.com/lscs-static/324/242/3242429b7935f62252338ef8f41d1745/content/pubcontent/en_US/aadvantage-promotions/promotion/RR.json], 22=[UserStory_US859355(Json and Promo box field validation for multiple or single ), APS_22, Verify expand button against promo code and ui fields with respect to Json data, https://apt-dev.apps.depaas.qcorpaa.aa.com/, RR, https://lscs-tst-adv.qcorpaa.aa.com/lscs-static/324/242/3242429b7935f62252338ef8f41d1745/content/pubcontent/en_US/aadvantage-promotions/promotion/RVGLD.json], 23=[UserStory_US859355(Json and Promo box field validation for multiple or single ), APS_23, Verify expand button against promo code for sigle result of  promo code and ui fields with respect to Json data, https://apt-dev.apps.depaas.qcorpaa.aa.com/, RVGLD, https://lscs-tst-adv.qcorpaa.aa.com/lscs-static/324/242/3242429b7935f62252338ef8f41d1745/content/pubcontent/en_US/aadvantage-promotions/promotion/RVGLD.json], 24=[UserStory_US859355(Json and Promo box field validation for multiple or single ), APS_24, Verify expand button against promo code and ui fields with respect to Json data, https://apt-dev.apps.depaas.qcorpaa.aa.com/, RDLEP, https://lscs-tst-adv.qcorpaa.aa.com/lscs-static/324/242/3242429b7935f62252338ef8f41d1745/content/pubcontent/en_US/aadvantage-promotions/promotion/RDLEP.json], 25=[UserStory_US859355(Json and Promo box field validation for multiple or single ), APS_25, Verify expand button against promo code and ui fields with respect to Json data, https://apt-dev.apps.depaas.qcorpaa.aa.com/, RHVGL, https://lscs-tst-adv.qcorpaa.aa.com/lscs-static/324/242/3242429b7935f62252338ef8f41d1745/content/pubcontent/en_US/aadvantage-promotions/promotion/RHVGL.json], 26=[UserStory_US859355(Json and Promo box field validation for multiple or single ), APS_26, Verify expand button against promo code and ui fields with respect to Json data, https://apt-dev.apps.depaas.qcorpaa.aa.com/, RHVEP, https://lscs-tst-adv.qcorpaa.aa.com/lscs-static/324/242/3242429b7935f62252338ef8f41d1745/content/pubcontent/en_US/aadvantage-promotions/promotion/RHVEP.json], 27=[UserStory_US859355(Json and Promo box field validation for multiple or single ), APS_27, Verify expand button against promo code and ui fields with respect to Json data, https://apt-dev.apps.depaas.qcorpaa.aa.com/, CKEL6, https://lscs-tst-adv.qcorpaa.aa.com/lscs-static/324/242/3242429b7935f62252338ef8f41d1745/content/pubcontent/en_US/aadvantage-promotions/promotion/CKEL6.json], 28=[UserStory_US859355(Json and Promo box field validation for multiple or single ), APS_28, Verify expand button against promo code and ui fields with respect to Json data, https://apt-dev.apps.depaas.qcorpaa.aa.com/, CKEL6, https://lscs-tst-adv.qcorpaa.aa.com/lscs-static/324/242/3242429b7935f62252338ef8f41d1745/content/pubcontent/en_US/aadvantage-promotions/promotion/CKEL6.json], 29=[UserStory_US859355(Json and Promo box field validation for multiple or single ), APS_29, Verify expand button against promo code and ui fields with respect to Json data, https://apt-dev.apps.depaas.qcorpaa.aa.com/, CKEL6, https://lscs-tst-adv.qcorpaa.aa.com/lscs-static/324/242/3242429b7935f62252338ef8f41d1745/content/pubcontent/en_US/aadvantage-promotions/promotion/CKEL6.json], 30=[UserStory_US880513(Expanded PromoBox fileds Validation), APS_30, Verify the field in the expanded promo box in Search result page , https://apt-dev.apps.depaas.qcorpaa.aa.com/, CKEL6], 31=[UserStory_US859349(“Keywords, Date Range, Misc Search UI Component”), APS_31, Validate the fields and filed names , https://apt-dev.apps.depaas.qcorpaa.aa.com/], 32=[UserStory_US859349(“Keywords, Date Range, Misc Search UI Component”), APS_32, Validating message of the Keywords Text box, https://apt-dev.apps.depaas.qcorpaa.aa.com/, #$@sdf, NA, 1234567890asadgadggiufgfagfa1213132dgasdgasdgfgadasdgyffgasfgsfgsgfsfs1213124234ggadasdgasgf123234g234adgascbasjcgdrereertretdfgdfgfhfhgfjtyuytuytutytyrtrtrrerwerwerwer4545465465454fgdfgdgdghdfhfghfgjhghjghjghjhgdgdfggdfgdfgfhfghgfjhgjhgjbfdvdffdfsdfsdfsdfdfgertretrtrttyr655675rthgtrhtfhytutyuhfgbfg12, HV38M,HV38P,HV38T,HVL8G,CKEL1, RVPLT], 33=[UserStory_US859349(“Keywords, Date Range, Misc Search UI Component”), APS_33, Adding and removing keywords , https://apt-dev.apps.depaas.qcorpaa.aa.com/, NA, NA, NA, HV38M,HV38P,HV38T,HVL8G,CKEL1, RVPLT], 34=[UserStory_US859349(“Keywords, Date Range, Misc Search UI Component”), APS_34, Effective date range and to date box date format and two year validation message, https://apt-dev.apps.depaas.qcorpaa.aa.com/, NA, NA, NA, NA, 21/01/2018, 13/18/2018, 09/26/2016], 35=[UserStory_US859349(“Keywords, Date Range, Misc Search UI Component”), APS_35, Effective date range and to date box date format and two year validation message, https://apt-dev.apps.depaas.qcorpaa.aa.com/], 36=[UserStory_US859349(“Keywords, Date Range, Misc Search UI Component”), APS_36, Miscelaneous fileld, https://apt-dev.apps.depaas.qcorpaa.aa.com/], 37=[UserStory_US859349(“Keywords, Date Range, Misc Search UI Component”), APS_37,  Partner codes, https://apt-dev.apps.depaas.qcorpaa.aa.com/], 38=[UserStory_US859349(“Keywords, Date Range, Misc Search UI Component”), APS_38, Search button, https://apt-dev.apps.depaas.qcorpaa.aa.com/], 39=[UserStory_US859349(“Keywords, Date Range, Misc Search UI Component”), APS_39, clear all button, https://apt-dev.apps.depaas.qcorpaa.aa.com/, NA, NA, HV38M, NA, 09/26/2017, 09/26/2018], 40=[UserStory_US868749(Sort By functionality), APS_44, Verify the sort dropdown and their value, https://apt-dev.apps.depaas.qcorpaa.aa.com/, RV], 41=[UserStory_US869555(pagination), APS_45, Verify the pagination is present , https://apt-dev.apps.depaas.qcorpaa.aa.com/, AA], 42=[UserStory_US869555(pagination), APS_46, Verify the pagination is absent, https://apt-dev.apps.depaas.qcorpaa.aa.com/, RV]}
2018-10-18 20:07:11,666 [TestNG-tests-1] INFO  com.CucumberCraft.ExcelReadWrite.ExcelReadWrite - File data is sucessfully loaded to the feature file
2018-10-18 20:07:11,691 [TestNG-tests-1] INFO  com.CucumberCraft.Screenshot.EventHandler - finding element on the page  : APT - American Airlines
2018-10-18 20:07:12,110 [TestNG-tests-1] INFO  com.CucumberCraft.Screenshot.EventHandler - Webelement is located on page : APT - American Airlines
2018-10-18 20:07:12,129 [TestNG-tests-1] INFO  com.CucumberCraft.Screenshot.EventHandler - A value change is goin to performed on the page : APT - American Airlines
2018-10-18 20:07:12,652 [TestNG-tests-1] INFO  com.CucumberCraft.Screenshot.EventHandler - value is changing on the page : APT - American Airlines
2018-10-18 20:07:12,663 [TestNG-tests-1] INFO  com.CucumberCraft.Screenshot.EventHandler - finding element on the page  : APT - American Airlines
2018-10-18 20:07:13,010 [TestNG-tests-1] INFO  com.CucumberCraft.Screenshot.EventHandler - Webelement is located on page : APT - American Airlines
2018-10-18 20:07:13,018 [TestNG-tests-1] INFO  com.CucumberCraft.Screenshot.EventHandler - A click is to be performed on the page : APT - American Airlines
2018-10-18 20:07:13,408 [TestNG-tests-1] INFO  com.CucumberCraft.Screenshot.EventHandler - Webelement is clicked on page : APT - American Airlines
2018-10-18 20:07:13,408 [TestNG-tests-1] INFO  com.CucumberCraft.stepDefinitions.UserStory_US859342 - User clicks the button
2018-10-18 20:07:13,423 [TestNG-tests-1] INFO  com.CucumberCraft.Screenshot.ScreenshotTaker - creating browser session having session id: a7fc9fd62b8480dc8738a2eb6d6d59e2
2018-10-18 20:07:13,432 [TestNG-tests-1] INFO  com.CucumberCraft.Screenshot.EventHandler - finding element on the page  : APT - American Airlines
2018-10-18 20:07:23,809 [TestNG-tests-1] INFO  com.CucumberCraft.Screenshot.EventHandler - An Exception has been occureed on the page : APT - American Airlines browser will closed soon
2018-10-18 20:07:23,811 [TestNG-tests-1] INFO  com.CucumberCraft.Screenshot.EventHandler - no such element: Unable to locate element: {"method":"xpath","selector":"//div//span/b[contains(text(),'Promo code: ')]"}
  (Session info: chrome=67.0.3396.79)
  (Driver info: chromedriver=2.41.578737 (49da6702b16031c40d63e5618de03a32ff6c197e),platform=Windows NT 10.0.15063 x86_64) (WARNING: The server did not provide any stacktrace information)
Command duration or timeout: 0 milliseconds
For documentation on this error, please visit: http://seleniumhq.org/exceptions/no_such_element.html
Build info: version: '3.7.1', revision: '8a0099a', time: '2017-11-06T21:01:39.354Z'
System info: host: 'PC391477', ip: '10.79.100.53', os.name: 'Windows 10', os.arch: 'amd64', os.version: '10.0', java.version: '1.8.0_141'
Driver info: org.openqa.selenium.chrome.ChromeDriver
Capabilities {acceptInsecureCerts: false, acceptSslCerts: false, applicationCacheEnabled: false, browserConnectionEnabled: false, browserName: chrome, chrome: {chromedriverVersion: 2.41.578737 (49da6702b16031..., userDataDir: C:\Users\716676\AppData\Loc...}, cssSelectorsEnabled: true, databaseEnabled: false, goog:chromeOptions: {debuggerAddress: localhost:60813}, handlesAlerts: true, hasTouchScreen: false, javascriptEnabled: true, locationContextEnabled: true, mobileEmulationEnabled: false, nativeEvents: true, networkConnectionEnabled: false, pageLoadStrategy: normal, platform: XP, platformName: XP, rotatable: false, setWindowRect: true, takesHeapSnapshot: true, takesScreenshot: true, unexpectedAlertBehaviour: , unhandledPromptBehavior: , version: 67.0.3396.79, webStorageEnabled: true}
Session ID: a7fc9fd62b8480dc8738a2eb6d6d59e2
*** Element info: {Using=xpath, value=//div//span/b[contains(text(),'Promo code: ')]}
2018-10-18 20:07:24,173 [TestNG-tests-1] WARN  com.CucumberCraft.Screenshot.ImageToPdf - Created pdf .....
2018-10-18 20:07:24,173 [TestNG-tests-1] WARN  com.CucumberCraft.Screenshot.ImageToPdf - Created pdf .....
2018-10-18 20:07:24,173 [TestNG-tests-1] WARN  com.CucumberCraft.Screenshot.ImageToPdf - Created pdf .....
2018-10-18 20:07:25,640 [TestNG-tests-1] INFO  com.CucumberCraft.Screenshot.ImageToPdf - Created pdf file of the test screenshot check the "Result folder" in the project
2018-10-18 20:07:25,693 [TestNG-tests-1] INFO  com.CucumberCraft.stepDefinitions.CukeHooks - Test case status : failed
2018-10-18 20:07:25,693 [TestNG-tests-1] INFO  com.CucumberCraft.stepDefinitions.CukeHooks - "Verify the field in the expanded promo box in Search result page" testing completed
Failure in after hook:CukeHooks.embedScreenshot(Scenario)
Message: org.openqa.selenium.NoSuchSessionException: no such session
  (Driver info: chromedriver=2.41.578737 (49da6702b16031c40d63e5618de03a32ff6c197e),platform=Windows NT 10.0.15063 x86_64) (WARNING: The server did not provide any stacktrace information)
Command duration or timeout: 0 milliseconds
Build info: version: '3.7.1', revision: '8a0099a', time: '2017-11-06T21:01:39.354Z'
System info: host: 'PC391477', ip: '10.79.100.53', os.name: 'Windows 10', os.arch: 'amd64', os.version: '10.0', java.version: '1.8.0_141'
Driver info: org.openqa.selenium.chrome.ChromeDriver
Capabilities {acceptInsecureCerts: false, acceptSslCerts: false, applicationCacheEnabled: false, browserConnectionEnabled: false, browserName: chrome, chrome: {chromedriverVersion: 2.41.578737 (49da6702b16031..., userDataDir: C:\Users\716676\AppData\Loc...}, cssSelectorsEnabled: true, databaseEnabled: false, goog:chromeOptions: {debuggerAddress: localhost:60813}, handlesAlerts: true, hasTouchScreen: false, javascriptEnabled: true, locationContextEnabled: true, mobileEmulationEnabled: false, nativeEvents: true, networkConnectionEnabled: false, pageLoadStrategy: normal, platform: XP, platformName: XP, rotatable: false, setWindowRect: true, takesHeapSnapshot: true, takesScreenshot: true, unexpectedAlertBehaviour: , unhandledPromptBehavior: , version: 67.0.3396.79, webStorageEnabled: true}
Session ID: a7fc9fd62b8480dc8738a2eb6d6d59e2
	at sun.reflect.NativeConstructorAccessorImpl.newInstance0(Native Method)
	at sun.reflect.NativeConstructorAccessorImpl.newInstance(NativeConstructorAccessorImpl.java:62)
	at sun.reflect.DelegatingConstructorAccessorImpl.newInstance(DelegatingConstructorAccessorImpl.java:45)
	at java.lang.reflect.Constructor.newInstance(Constructor.java:423)
	at org.openqa.selenium.remote.ErrorHandler.createThrowable(ErrorHandler.java:214)
	at org.openqa.selenium.remote.ErrorHandler.throwIfResponseFailed(ErrorHandler.java:166)
	at org.openqa.selenium.remote.http.JsonHttpResponseCodec.reconstructValue(JsonHttpResponseCodec.java:40)
	at org.openqa.selenium.remote.http.AbstractHttpResponseCodec.decode(AbstractHttpResponseCodec.java:80)
	at org.openqa.selenium.remote.http.AbstractHttpResponseCodec.decode(AbstractHttpResponseCodec.java:44)
	at org.openqa.selenium.remote.HttpCommandExecutor.execute(HttpCommandExecutor.java:164)
	at org.openqa.selenium.remote.service.DriverCommandExecutor.execute(DriverCommandExecutor.java:83)
	at org.openqa.selenium.remote.RemoteWebDriver.execute(RemoteWebDriver.java:600)
	at org.openqa.selenium.remote.RemoteWebDriver.execute(RemoteWebDriver.java:657)
	at org.openqa.selenium.remote.RemoteWebDriver$RemoteWebDriverOptions.deleteAllCookies(RemoteWebDriver.java:742)
	at com.CucumberCraft.supportLibraries.DriverManager.getWebDriver(DriverManager.java:51)
	at com.CucumberCraft.stepDefinitions.CukeHooks.embedScreenshot(CukeHooks.java:137)
	at sun.reflect.NativeMethodAccessorImpl.invoke0(Native Method)
	at sun.reflect.NativeMethodAccessorImpl.invoke(NativeMethodAccessorImpl.java:62)
	at sun.reflect.DelegatingMethodAccessorImpl.invoke(DelegatingMethodAccessorImpl.java:43)
	at java.lang.reflect.Method.invoke(Method.java:498)
	at cucumber.runtime.Utils$1.call(Utils.java:40)
	at cucumber.runtime.Timeout.timeout(Timeout.java:16)
	at cucumber.runtime.Utils.invoke(Utils.java:34)
	at cucumber.runtime.java.JavaHookDefinition.execute(JavaHookDefinition.java:60)
	at cucumber.runtime.Runtime.runHookIfTagsMatch(Runtime.java:224)
	at cucumber.runtime.Runtime.runHooks(Runtime.java:212)
	at cucumber.runtime.Runtime.runAfterHooks(Runtime.java:206)
	at cucumber.runtime.model.CucumberScenario.run(CucumberScenario.java:46)
	at cucumber.runtime.model.CucumberFeature.run(CucumberFeature.java:165)
	at cucumber.api.testng.TestNGCucumberRunner.runCucumber(TestNGCucumberRunner.java:63)
	at cucumber.api.testng.AbstractTestNGCucumberTests.feature(AbstractTestNGCucumberTests.java:21)
	at sun.reflect.NativeMethodAccessorImpl.invoke0(Native Method)
	at sun.reflect.NativeMethodAccessorImpl.invoke(NativeMethodAccessorImpl.java:62)
	at sun.reflect.DelegatingMethodAccessorImpl.invoke(DelegatingMethodAccessorImpl.java:43)
	at java.lang.reflect.Method.invoke(Method.java:498)
	at org.testng.internal.MethodInvocationHelper.invokeMethod(MethodInvocationHelper.java:108)
	at org.testng.internal.Invoker.invokeMethod(Invoker.java:661)
	at org.testng.internal.Invoker.invokeTestMethod(Invoker.java:869)
	at org.testng.internal.Invoker.invokeTestMethods(Invoker.java:1193)
	at org.testng.internal.TestMethodWorker.invokeTestMethods(TestMethodWorker.java:126)
	at org.testng.internal.TestMethodWorker.run(TestMethodWorker.java:109)
	at org.testng.TestRunner.privateRun(TestRunner.java:744)
	at org.testng.TestRunner.run(TestRunner.java:602)
	at org.testng.SuiteRunner.runTest(SuiteRunner.java:380)
	at org.testng.SuiteRunner.access$000(SuiteRunner.java:39)
	at org.testng.SuiteRunner$SuiteWorker.run(SuiteRunner.java:414)
	at org.testng.internal.thread.ThreadUtil$1.call(ThreadUtil.java:52)
	at java.util.concurrent.FutureTask.run(FutureTask.java:266)
	at java.util.concurrent.ThreadPoolExecutor.runWorker(ThreadPoolExecutor.java:1149)
	at java.util.concurrent.ThreadPoolExecutor$Worker.run(ThreadPoolExecutor.java:624)
	at java.lang.Thread.run(Thread.java:748)

      org.openqa.selenium.NoSuchSessionException: no such session
        (Driver info: chromedriver=2.41.578737 (49da6702b16031c40d63e5618de03a32ff6c197e),platform=Windows NT 10.0.15063 x86_64) (WARNING: The server did not provide any stacktrace information)
      Command duration or timeout: 0 milliseconds
      Build info: version: '3.7.1', revision: '8a0099a', time: '2017-11-06T21:01:39.354Z'
      System info: host: 'PC391477', ip: '10.79.100.53', os.name: 'Windows 10', os.arch: 'amd64', os.version: '10.0', java.version: '1.8.0_141'
      Driver info: org.openqa.selenium.chrome.ChromeDriver
      Capabilities {acceptInsecureCerts: false, acceptSslCerts: false, applicationCacheEnabled: false, browserConnectionEnabled: false, browserName: chrome, chrome: {chromedriverVersion: 2.41.578737 (49da6702b16031..., userDataDir: C:\Users\716676\AppData\Loc...}, cssSelectorsEnabled: true, databaseEnabled: false, goog:chromeOptions: {debuggerAddress: localhost:60813}, handlesAlerts: true, hasTouchScreen: false, javascriptEnabled: true, locationContextEnabled: true, mobileEmulationEnabled: false, nativeEvents: true, networkConnectionEnabled: false, pageLoadStrategy: normal, platform: XP, platformName: XP, rotatable: false, setWindowRect: true, takesHeapSnapshot: true, takesScreenshot: true, unexpectedAlertBehaviour: , unhandledPromptBehavior: , version: 67.0.3396.79, webStorageEnabled: true}
      Session ID: a7fc9fd62b8480dc8738a2eb6d6d59e2
      	at sun.reflect.NativeConstructorAccessorImpl.newInstance0(Native Method)
      	at sun.reflect.NativeConstructorAccessorImpl.newInstance(NativeConstructorAccessorImpl.java:62)
      	at sun.reflect.DelegatingConstructorAccessorImpl.newInstance(DelegatingConstructorAccessorImpl.java:45)
      	at java.lang.reflect.Constructor.newInstance(Constructor.java:423)
      	at org.openqa.selenium.remote.ErrorHandler.createThrowable(ErrorHandler.java:214)
      	at org.openqa.selenium.remote.ErrorHandler.throwIfResponseFailed(ErrorHandler.java:166)
      	at org.openqa.selenium.remote.http.JsonHttpResponseCodec.reconstructValue(JsonHttpResponseCodec.java:40)
      	at org.openqa.selenium.remote.http.AbstractHttpResponseCodec.decode(AbstractHttpResponseCodec.java:80)
      	at org.openqa.selenium.remote.http.AbstractHttpResponseCodec.decode(AbstractHttpResponseCodec.java:44)
      	at org.openqa.selenium.remote.HttpCommandExecutor.execute(HttpCommandExecutor.java:164)
      	at org.openqa.selenium.remote.service.DriverCommandExecutor.execute(DriverCommandExecutor.java:83)
      	at org.openqa.selenium.remote.RemoteWebDriver.execute(RemoteWebDriver.java:600)
      	at org.openqa.selenium.remote.RemoteWebDriver.execute(RemoteWebDriver.java:657)
      	at org.openqa.selenium.remote.RemoteWebDriver$RemoteWebDriverOptions.deleteAllCookies(RemoteWebDriver.java:742)
      	at com.CucumberCraft.supportLibraries.DriverManager.getWebDriver(DriverManager.java:51)
      	at com.CucumberCraft.stepDefinitions.CukeHooks.embedScreenshot(CukeHooks.java:137)
      	at sun.reflect.NativeMethodAccessorImpl.invoke0(Native Method)
      	at sun.reflect.NativeMethodAccessorImpl.invoke(NativeMethodAccessorImpl.java:62)
      	at sun.reflect.DelegatingMethodAccessorImpl.invoke(DelegatingMethodAccessorImpl.java:43)
      	at java.lang.reflect.Method.invoke(Method.java:498)
      	at cucumber.runtime.Utils$1.call(Utils.java:40)
      	at cucumber.runtime.Timeout.timeout(Timeout.java:16)
      	at cucumber.runtime.Utils.invoke(Utils.java:34)
      	at cucumber.runtime.java.JavaHookDefinition.execute(JavaHookDefinition.java:60)
      	at cucumber.runtime.Runtime.runHookIfTagsMatch(Runtime.java:224)
      	at cucumber.runtime.Runtime.runHooks(Runtime.java:212)
      	at cucumber.runtime.Runtime.runAfterHooks(Runtime.java:206)
      	at cucumber.runtime.model.CucumberScenario.run(CucumberScenario.java:46)
      	at cucumber.runtime.model.CucumberFeature.run(CucumberFeature.java:165)
      	at cucumber.api.testng.TestNGCucumberRunner.runCucumber(TestNGCucumberRunner.java:63)
      	at cucumber.api.testng.AbstractTestNGCucumberTests.feature(AbstractTestNGCucumberTests.java:21)
      	at sun.reflect.NativeMethodAccessorImpl.invoke0(Native Method)
      	at sun.reflect.NativeMethodAccessorImpl.invoke(NativeMethodAccessorImpl.java:62)
      	at sun.reflect.DelegatingMethodAccessorImpl.invoke(DelegatingMethodAccessorImpl.java:43)
      	at java.lang.reflect.Method.invoke(Method.java:498)
      	at org.testng.internal.MethodInvocationHelper.invokeMethod(MethodInvocationHelper.java:108)
      	at org.testng.internal.Invoker.invokeMethod(Invoker.java:661)
      	at org.testng.internal.Invoker.invokeTestMethod(Invoker.java:869)
      	at org.testng.internal.Invoker.invokeTestMethods(Invoker.java:1193)
      	at org.testng.internal.TestMethodWorker.invokeTestMethods(TestMethodWorker.java:126)
      	at org.testng.internal.TestMethodWorker.run(TestMethodWorker.java:109)
      	at org.testng.TestRunner.privateRun(TestRunner.java:744)
      	at org.testng.TestRunner.run(TestRunner.java:602)
      	at org.testng.SuiteRunner.runTest(SuiteRunner.java:380)
      	at org.testng.SuiteRunner.access$000(SuiteRunner.java:39)
      	at org.testng.SuiteRunner$SuiteWorker.run(SuiteRunner.java:414)
      	at org.testng.internal.thread.ThreadUtil$1.call(ThreadUtil.java:52)
      	at java.util.concurrent.FutureTask.run(FutureTask.java:266)
      	at java.util.concurrent.ThreadPoolExecutor.runWorker(ThreadPoolExecutor.java:1149)
      	at java.util.concurrent.ThreadPoolExecutor$Worker.run(ThreadPoolExecutor.java:624)
      	at java.lang.Thread.run(Thread.java:748)


  @TestId_APS_30 @UserStory_US880513
  Scenario: Verify the field in the expanded promo box in Search result page                          # UserStory_US880513.feature:4
    Given user loads the data from "excel" located at "src\test\resources\Fixture\Promo_DB_Data.xlsx" # Browser_Excel_StepDef.user_loads_the_data_from_located_at(String,String)
    Then user launches browser with url "#TestUrl"                                                    # Browser_Excel_StepDef.user_launches_browser_with_url(String)
    And user enters the Promo code "#Promo Code" in Search box named " Promo / PST / TA Code "        # UserStory_US859342.user_enters_the_Promo_code_in_Search_box_named(String,String)
    And user clicks on the search button                                                              # UserStory_US859342.user_clicks_on_the_search_button()
    And user verify that field "Promo code: " field in promo heading                                  # UserStroy_US880513.user_verify_that_field_field_in_promo_heading(String)
      org.openqa.selenium.NoSuchElementException: no such element: Unable to locate element: {"method":"xpath","selector":"//div//span/b[contains(text(),'Promo code: ')]"}
        (Session info: chrome=67.0.3396.79)
        (Driver info: chromedriver=2.41.578737 (49da6702b16031c40d63e5618de03a32ff6c197e),platform=Windows NT 10.0.15063 x86_64) (WARNING: The server did not provide any stacktrace information)
      Command duration or timeout: 0 milliseconds
      For documentation on this error, please visit: http://seleniumhq.org/exceptions/no_such_element.html
      Build info: version: '3.7.1', revision: '8a0099a', time: '2017-11-06T21:01:39.354Z'
      System info: host: 'PC391477', ip: '10.79.100.53', os.name: 'Windows 10', os.arch: 'amd64', os.version: '10.0', java.version: '1.8.0_141'
      Driver info: org.openqa.selenium.chrome.ChromeDriver
      Capabilities {acceptInsecureCerts: false, acceptSslCerts: false, applicationCacheEnabled: false, browserConnectionEnabled: false, browserName: chrome, chrome: {chromedriverVersion: 2.41.578737 (49da6702b16031..., userDataDir: C:\Users\716676\AppData\Loc...}, cssSelectorsEnabled: true, databaseEnabled: false, goog:chromeOptions: {debuggerAddress: localhost:60813}, handlesAlerts: true, hasTouchScreen: false, javascriptEnabled: true, locationContextEnabled: true, mobileEmulationEnabled: false, nativeEvents: true, networkConnectionEnabled: false, pageLoadStrategy: normal, platform: XP, platformName: XP, rotatable: false, setWindowRect: true, takesHeapSnapshot: true, takesScreenshot: true, unexpectedAlertBehaviour: , unhandledPromptBehavior: , version: 67.0.3396.79, webStorageEnabled: true}
      Session ID: a7fc9fd62b8480dc8738a2eb6d6d59e2
      *** Element info: {Using=xpath, value=//div//span/b[contains(text(),'Promo code: ')]}
      	at sun.reflect.NativeConstructorAccessorImpl.newInstance0(Native Method)
      	at sun.reflect.NativeConstructorAccessorImpl.newInstance(NativeConstructorAccessorImpl.java:62)
      	at sun.reflect.DelegatingConstructorAccessorImpl.newInstance(DelegatingConstructorAccessorImpl.java:45)
      	at java.lang.reflect.Constructor.newInstance(Constructor.java:423)
      	at org.openqa.selenium.remote.ErrorHandler.createThrowable(ErrorHandler.java:214)
      	at org.openqa.selenium.remote.ErrorHandler.throwIfResponseFailed(ErrorHandler.java:166)
      	at org.openqa.selenium.remote.http.JsonHttpResponseCodec.reconstructValue(JsonHttpResponseCodec.java:40)
      	at org.openqa.selenium.remote.http.AbstractHttpResponseCodec.decode(AbstractHttpResponseCodec.java:80)
      	at org.openqa.selenium.remote.http.AbstractHttpResponseCodec.decode(AbstractHttpResponseCodec.java:44)
      	at org.openqa.selenium.remote.HttpCommandExecutor.execute(HttpCommandExecutor.java:164)
      	at org.openqa.selenium.remote.service.DriverCommandExecutor.execute(DriverCommandExecutor.java:83)
      	at org.openqa.selenium.remote.RemoteWebDriver.execute(RemoteWebDriver.java:600)
      	at org.openqa.selenium.remote.RemoteWebDriver.findElement(RemoteWebDriver.java:370)
      	at org.openqa.selenium.remote.RemoteWebDriver.findElementByXPath(RemoteWebDriver.java:472)
      	at org.openqa.selenium.By$ByXPath.findElement(By.java:361)
      	at org.openqa.selenium.remote.RemoteWebDriver.findElement(RemoteWebDriver.java:362)
      	at sun.reflect.NativeMethodAccessorImpl.invoke0(Native Method)
      	at sun.reflect.NativeMethodAccessorImpl.invoke(NativeMethodAccessorImpl.java:62)
      	at sun.reflect.DelegatingMethodAccessorImpl.invoke(DelegatingMethodAccessorImpl.java:43)
      	at java.lang.reflect.Method.invoke(Method.java:498)
      	at org.openqa.selenium.support.events.EventFiringWebDriver$2.invoke(EventFiringWebDriver.java:109)
      	at com.sun.proxy.$Proxy20.findElement(Unknown Source)
      	at org.openqa.selenium.support.events.EventFiringWebDriver.findElement(EventFiringWebDriver.java:193)
      	at com.CucumberCraft.stepDefinitions.UserStroy_US880513.user_verify_that_field_field_in_promo_heading(UserStroy_US880513.java:23)
      	at ?.And user verify that field "Promo code: " field in promo heading(UserStory_US880513.feature:10)

    And user verify that field "Promotion start to end dates:" field is present                       # UserStroy_US880513.user_verify_that_field_field_is_present(String)
    And user verify that field "Is member registration required?" field is present                    # UserStroy_US880513.user_verify_that_field_field_is_present(String)
    And user verify that field "Member must register between:" field is present                       # UserStroy_US880513.user_verify_that_field_field_is_present(String)
    And user verify that field "Member must travel between:" field is present                         # UserStroy_US880513.user_verify_that_field_field_is_present(String)
    And user verify that field "Late registrations may be processed by" field is present              # UserStroy_US880513.user_verify_that_field_field_is_present(String)
    And user verify that field "Is this a targeted promotion?" field is present                       # UserStroy_US880513.user_verify_that_field_field_is_present(String)
    And user verify that field "TA codes" field is present                                            # UserStroy_US880513.user_verify_that_field_field_is_present(String)
    And user verify that field "Direct mailer:" field is present                                      # UserStroy_US880513.user_verify_that_field_field_is_present(String)
    And user verify that field "Marketing page URL:" field is present                                 # UserStroy_US880513.user_verify_that_field_field_is_present(String)
    And user verify that field "Email URLs:" field is present                                         # UserStroy_US880513.user_verify_that_field_field_is_present(String)
    And user verify that field "Partner codes:" field is present                                      # UserStroy_US880513.user_verify_that_field_field_is_present(String)
    And user verify that field "How to earn" field is present                                         # UserStroy_US880513.user_verify_that_field_field_is_present(String)
    And user verify that field "Fulfillment" field is present                                         # UserStroy_US880513.user_verify_that_field_field_is_present(String)
    And user verify that field "PST codes:" field is present                                          # UserStroy_US880513.user_verify_that_field_field_is_present(String)
    And user verify that field "Resolve issues" field is present                                      # UserStroy_US880513.user_verify_that_field_field_is_present(String)
    And user verify that field "aa.com view" field is present                                         # UserStroy_US880513.user_verify_that_field_field_is_present(String)
    And user verify that field "Terms and conditions" field is present                                # UserStroy_US880513.user_verify_that_field_field_is_present(String)
]]></system-out>
    <system-err><![CDATA[Starting ChromeDriver 2.41.578737 (49da6702b16031c40d63e5618de03a32ff6c197e) on port 16139
Only local connections are allowed.
Oct 18, 2018 8:06:34 PM org.openqa.selenium.remote.ProtocolHandshake createSession
INFO: Detected dialect: OSS
]]></system-err>
  </testcase>
</testsuite>