<html>
<head><style type="text/css">h1 {background-color:#9999CC}
h2 {background-color:#BBBBCC}
h3 {background-color:#DDDDFF}
th {border:1px solid black;background-color:#CCCCDD;}
td{border:1px solid black;}
table {border:1px solid black;border-collapse: collapse;}
.chart {border:0px none black;border-collapse: collapse;background-color: none;}
.passed {background-color:lightgreen;font-weight:bold;color:darkgreen}
.failed {background-color:tomato;font-weight:bold;color:darkred}
.undefined {background-color:gold;font-weight:bold;color:goldenrod}
.skipped {background-color:silver;font-weight:bold;color:darkgray}
.passed_description {background-color:#D0FFD0;font-weight:bold;font-style:italic;color:black}
.failed_description {background-color:#FFA898;font-weight:bold;font-style:italic;color:black}
OL { counter-reset: item }
OL>LI { display: block }
OL>LI:before { content: counters(item, ".") " "; counter-increment: item }

div.header {
    display: block; text-align: center;
    position: running(header);
}
div.footer {
    display: block; text-align: center;
    position: running(footer);
}
div.content {page-break-after: always;}
@page {
	 size: __PAGESIZE__;
     @top-center {
     	content: "Detailed Results Report";
	    color: silver;
	    font-size: 14px;
     }
     @top-right {
     	content: date("dd MMM, yyyy hh:mm");
	    color: silver;
	    font-size: 8px;
     }
    @bottom-right {
    	content: "Page " counter(page) " of " counter(pages) ;
	    color: silver;
	    font-size: 8px;
    }
}
ol a::after {
  content: leader('.') target-counter(attr(href), page);
}
</style>
<title>Detailed Results Report</title>
  </head>
  <body>
    <div class='header'></div>
    <div class='footer'></div>
  <h1>Overview</h1>
<table><tr><th></th><th>Passed</th><th>Failed</th><th>Undefined</th><th>%Passed</th></tr><tr><th>Features</th><td class="passed">0</td><td class="failed">1</td><td class="undefined">0</td><td>0.00</td></tr><tr><th>Scenarios</th><td class="passed">0</td><td class="failed">1</td><td class="undefined">0</td><td>0.00</td></tr><tr><th>Steps</th><td class="passed">2</td><td class="failed">1</td><td class="undefined">6</td><td>22.22</td></tr></table><div><b>Overall Duration: 0h 00m 21s</b></div>
<a id="top"></a><h1>Table of Contents</h1><ol><li> <span class="failed"><a href="#feature-1keywords,misc.-serarch,-date-search,-partner-code">Keywords,Misc. Serarch, Date Search, Partner code</a></span><ol><li> <span class="failed"><a href="#sc-78-keywords,misc.-serarch,-date-search,-partner-code;effective-date-range-and-to-date-box-date-format-and-two-year-validation-message">Effective date range and to date box date format and two year validation message</a></span></li></ol></li></ol><h1>Detailed Results Report</h1><table width="700px"><tr class="failed"><td colspan="4"><b>Feature:</b> <a id="feature-1keywords,misc.-serarch,-date-search,-partner-code">Keywords,Misc. Serarch, Date Search, Partner code</a></td></tr><tr class="failed_description"><td colspan="4"><br></br></td></tr><tr class="failed"><td><small><b>Passed:</b> 0</small></td><td><small><b>Failed:</b> 1</small></td><td><small><b>Undefined:</b> 0</small></td><td><small>Duration: 21.00s</small></td></tr><tr class="failed"><td colspan="4" style="padding-left:20px"> <table width="100%"><tr class="failed"><td colspan="4"><b>Scenario:</b> <a id="sc-78-keywords,misc.-serarch,-date-search,-partner-code;effective-date-range-and-to-date-box-date-format-and-two-year-validation-message">Effective date range and to date box date format and two year validation message</a></td></tr><tr class="failed_description"><td colspan="4"><br></br></td></tr><tr class="failed"><td><small><b>Passed:</b> 2</small></td><td><small><b>Failed:</b> 1</small></td><td><small><b>Undefined:</b> 6</small></td><td><small>Duration: 21.00s</small></td></tr><tr class="passed"><td>Before</td><td colspan="2"></td><td width="100">14.31s</td></tr><tr class="passed"><td colspan="4"><br></br></td></tr><tr class="failed"><td colspan="4" style="padding-left:20px"> <table width="100%"><tr class="passed"><td><b>Given </b> user loads the data from &quot;excel&quot; located at &quot;srctestresourcesFixturePromo_DB_Data.xlsx&quot;</td><td width="100">1.82s</td></tr><tr class="passed"><td><b>Then </b> user launches browser with url &quot;#TestUrl&quot;</td><td width="100">3.05s</td></tr><tr class="passed"><td colspan="2"><img src="./screenshot78-keywords,misc.-serarch,-date-search,-partner-code_effective-date-range-and-to-date-box-date-format-and-two-year-validation-message1538639772447.png"  /></td></tr><tr class="failed"><td><b>And </b> user click on the calendar button in textbox named &quot; Effective date range &quot;</td><td width="100">1.60s</td></tr><tr class="failed"><td colspan="2"><div><br>org.openqa.selenium.NoSuchWindowException: no such window: target window already closed
from unknown error: web view not found
  (Session info: chrome=67.0.3396.79)
  (Driver info: chromedriver=2.41.578737 (49da6702b16031c40d63e5618de03a32ff6c197e),platform=Windows NT 10.0.15063 x86_64) (WARNING: The server did not provide any stacktrace information)
Command duration or timeout: 0 milliseconds
Build info: version: '3.7.1', revision: '8a0099a', time: '2017-11-06T21:01:39.354Z'
System info: host: 'PC391477', ip: '10.224.202.32', os.name: 'Windows 10', os.arch: 'amd64', os.version: '10.0', java.version: '1.8.0_141'
Driver info: org.openqa.selenium.chrome.ChromeDriver
Capabilities {acceptInsecureCerts: false, acceptSslCerts: false, applicationCacheEnabled: false, browserConnectionEnabled: false, browserName: chrome, chrome: {chromedriverVersion: 2.41.578737 (49da6702b16031..., userDataDir: C:Users716676AppDataLoc...}, cssSelectorsEnabled: true, databaseEnabled: false, goog:chromeOptions: {debuggerAddress: localhost:65309}, handlesAlerts: true, hasTouchScreen: false, javascriptEnabled: true, locationContextEnabled: true, mobileEmulationEnabled: false, nativeEvents: true, networkConnectionEnabled: false, pageLoadStrategy: normal, platform: XP, platformName: XP, rotatable: false, setWindowRect: true, takesHeapSnapshot: true, takesScreenshot: true, unexpectedAlertBehaviour: , unhandledPromptBehavior: , version: 67.0.3396.79, webStorageEnabled: true}
Session ID: cf95b8e721f2f52463321e155a4e5da8</br><br>
	at sun.reflect.NativeConstructorAccessorImpl.newInstance0(Native Method)</br><br>
	at sun.reflect.NativeConstructorAccessorImpl.newInstance(NativeConstructorAccessorImpl.java:62)</br><br>
	at sun.reflect.DelegatingConstructorAccessorImpl.newInstance(DelegatingConstructorAccessorImpl.java:45)</br><br>
	at java.lang.reflect.Constructor.newInstance(Constructor.java:423)</br><br>
	at org.openqa.selenium.remote.ErrorHandler.createThrowable(ErrorHandler.java:214)</br><br>
	at org.openqa.selenium.remote.ErrorHandler.throwIfResponseFailed(ErrorHandler.java:166)</br><br>
	at org.openqa.selenium.remote.http.JsonHttpResponseCodec.reconstructValue(JsonHttpResponseCodec.java:40)</br><br>
	at org.openqa.selenium.remote.http.AbstractHttpResponseCodec.decode(AbstractHttpResponseCodec.java:80)</br><br>
	at org.openqa.selenium.remote.http.AbstractHttpResponseCodec.decode(AbstractHttpResponseCodec.java:44)</br><br>
	at org.openqa.selenium.remote.HttpCommandExecutor.execute(HttpCommandExecutor.java:164)</br><br>
	at org.openqa.selenium.remote.service.DriverCommandExecutor.execute(DriverCommandExecutor.java:83)</br><br>
	at org.openqa.selenium.remote.RemoteWebDriver.execute(RemoteWebDriver.java:600)</br><br>
	at org.openqa.selenium.remote.RemoteWebDriver.execute(RemoteWebDriver.java:657)</br><br>
	at org.openqa.selenium.remote.RemoteWebDriver.getScreenshotAs(RemoteWebDriver.java:342)</br><br>
	at com.CucumberCraft.supportLibraries.Util.takeScreenshot(Util.java:110)</br><br>
	at com.CucumberCraft.Screenshot.EventHandler.onException(EventHandler.java:173)</br><br>
	at sun.reflect.NativeMethodAccessorImpl.invoke0(Native Method)</br><br>
	at sun.reflect.NativeMethodAccessorImpl.invoke(NativeMethodAccessorImpl.java:62)</br><br>
	at sun.reflect.DelegatingMethodAccessorImpl.invoke(DelegatingMethodAccessorImpl.java:43)</br><br>
	at java.lang.reflect.Method.invoke(Method.java:498)</br><br>
	at org.openqa.selenium.support.events.EventFiringWebDriver&#36;1.invoke(EventFiringWebDriver.java:86)</br><br>
	at com.sun.proxy.&#36;Proxy18.onException(Unknown Source)</br><br>
	at org.openqa.selenium.support.events.EventFiringWebDriver&#36;2.invoke(EventFiringWebDriver.java:111)</br><br>
	at com.sun.proxy.&#36;Proxy19.getScreenshotAs(Unknown Source)</br><br>
	at com.CucumberCraft.supportLibraries.Util.takeScreenshot(Util.java:110)</br><br>
	at com.CucumberCraft.Screenshot.EventHandler.afterFindBy(EventHandler.java:64)</br><br>
	at sun.reflect.NativeMethodAccessorImpl.invoke0(Native Method)</br><br>
	at sun.reflect.NativeMethodAccessorImpl.invoke(NativeMethodAccessorImpl.java:62)</br><br>
	at sun.reflect.DelegatingMethodAccessorImpl.invoke(DelegatingMethodAccessorImpl.java:43)</br><br>
	at java.lang.reflect.Method.invoke(Method.java:498)</br><br>
	at org.openqa.selenium.support.events.EventFiringWebDriver&#36;1.invoke(EventFiringWebDriver.java:86)</br><br>
	at com.sun.proxy.&#36;Proxy18.afterFindBy(Unknown Source)</br><br>
	at org.openqa.selenium.support.events.EventFiringWebDriver.findElements(EventFiringWebDriver.java:183)</br><br>
	at com.CucumberCraft.stepDefinitions.UserStory_US859349.user_click_on_the_calendar_button_in_textbox_named(UserStory_US859349.java:114)</br><br>
	at &#10045;.And user click on the calendar button in textbox named &quot; Effective date range &quot;(UserStory_US859349.feature:81)</br><br>
</br></div></td></tr><tr class="skipped"><td><b>And </b> select date from the calendar with month &quot;09&quot; date &quot;26&quot; year &quot;2017&quot;</td><td width="100">0.00s</td></tr><tr class="skipped"><td><b>And </b> user click on the calendar button in textbox named &quot; to &quot;</td><td width="100">0.00s</td></tr><tr class="skipped"><td><b>And </b> select date from the calendar with month &quot;09&quot; date &quot;26&quot; year &quot;2018&quot;</td><td width="100">0.00s</td></tr><tr class="skipped"><td><b>And </b> user click on the calendar button in textbox named &quot; Effective date range &quot;</td><td width="100">0.00s</td></tr><tr class="skipped"><td><b>And </b> user click on &quot;previous&quot; in calendar</td><td width="100">0.00s</td></tr><tr class="skipped"><td><b>And </b> user click on &quot;next&quot; in calendar</td><td width="100">0.00s</td></tr></table></td></tr><tr class="failed"><td>After</td><td colspan="2"></td><td width="100">0.23s</td></tr><tr class="failed"><td colspan="4"><br>org.openqa.selenium.NoSuchWindowException: no such window: target window already closed
from unknown error: web view not found
  (Session info: chrome=67.0.3396.79)
  (Driver info: chromedriver=2.41.578737 (49da6702b16031c40d63e5618de03a32ff6c197e),platform=Windows NT 10.0.15063 x86_64) (WARNING: The server did not provide any stacktrace information)
Command duration or timeout: 0 milliseconds
Build info: version: '3.7.1', revision: '8a0099a', time: '2017-11-06T21:01:39.354Z'
System info: host: 'PC391477', ip: '10.224.202.32', os.name: 'Windows 10', os.arch: 'amd64', os.version: '10.0', java.version: '1.8.0_141'
Driver info: org.openqa.selenium.chrome.ChromeDriver
Capabilities {acceptInsecureCerts: false, acceptSslCerts: false, applicationCacheEnabled: false, browserConnectionEnabled: false, browserName: chrome, chrome: {chromedriverVersion: 2.41.578737 (49da6702b16031..., userDataDir: C:Users716676AppDataLoc...}, cssSelectorsEnabled: true, databaseEnabled: false, goog:chromeOptions: {debuggerAddress: localhost:65309}, handlesAlerts: true, hasTouchScreen: false, javascriptEnabled: true, locationContextEnabled: true, mobileEmulationEnabled: false, nativeEvents: true, networkConnectionEnabled: false, pageLoadStrategy: normal, platform: XP, platformName: XP, rotatable: false, setWindowRect: true, takesHeapSnapshot: true, takesScreenshot: true, unexpectedAlertBehaviour: , unhandledPromptBehavior: , version: 67.0.3396.79, webStorageEnabled: true}
Session ID: cf95b8e721f2f52463321e155a4e5da8</br><br>	at sun.reflect.NativeConstructorAccessorImpl.newInstance0(Native Method)</br><br>	at sun.reflect.NativeConstructorAccessorImpl.newInstance(NativeConstructorAccessorImpl.java:62)</br><br>	at sun.reflect.DelegatingConstructorAccessorImpl.newInstance(DelegatingConstructorAccessorImpl.java:45)</br><br>	at java.lang.reflect.Constructor.newInstance(Constructor.java:423)</br><br>	at org.openqa.selenium.remote.ErrorHandler.createThrowable(ErrorHandler.java:214)</br><br>	at org.openqa.selenium.remote.ErrorHandler.throwIfResponseFailed(ErrorHandler.java:166)</br><br>	at org.openqa.selenium.remote.http.JsonHttpResponseCodec.reconstructValue(JsonHttpResponseCodec.java:40)</br><br>	at org.openqa.selenium.remote.http.AbstractHttpResponseCodec.decode(AbstractHttpResponseCodec.java:80)</br><br>	at org.openqa.selenium.remote.http.AbstractHttpResponseCodec.decode(AbstractHttpResponseCodec.java:44)</br><br>	at org.openqa.selenium.remote.HttpCommandExecutor.execute(HttpCommandExecutor.java:164)</br><br>	at org.openqa.selenium.remote.service.DriverCommandExecutor.execute(DriverCommandExecutor.java:83)</br><br>	at org.openqa.selenium.remote.RemoteWebDriver.execute(RemoteWebDriver.java:600)</br><br>	at org.openqa.selenium.remote.RemoteWebDriver.execute(RemoteWebDriver.java:657)</br><br>	at org.openqa.selenium.remote.RemoteWebDriver&#36;RemoteWebDriverOptions.deleteAllCookies(RemoteWebDriver.java:742)</br><br>	at com.CucumberCraft.supportLibraries.DriverManager.getWebDriver(DriverManager.java:51)</br><br>	at com.CucumberCraft.stepDefinitions.CukeHooks.embedScreenshot(CukeHooks.java:136)</br><br>	at sun.reflect.NativeMethodAccessorImpl.invoke0(Native Method)</br><br>	at sun.reflect.NativeMethodAccessorImpl.invoke(NativeMethodAccessorImpl.java:62)</br><br>	at sun.reflect.DelegatingMethodAccessorImpl.invoke(DelegatingMethodAccessorImpl.java:43)</br><br>	at java.lang.reflect.Method.invoke(Method.java:498)</br><br>	at cucumber.runtime.Utils&#36;1.call(Utils.java:40)</br><br>	at cucumber.runtime.Timeout.timeout(Timeout.java:16)</br><br>	at cucumber.runtime.Utils.invoke(Utils.java:34)</br><br>	at cucumber.runtime.java.JavaHookDefinition.execute(JavaHookDefinition.java:60)</br><br>	at cucumber.runtime.Runtime.runHookIfTagsMatch(Runtime.java:224)</br><br>	at cucumber.runtime.Runtime.runHooks(Runtime.java:212)</br><br>	at cucumber.runtime.Runtime.runAfterHooks(Runtime.java:206)</br><br>	at cucumber.runtime.model.CucumberScenario.run(CucumberScenario.java:46)</br><br>	at cucumber.runtime.model.CucumberFeature.run(CucumberFeature.java:165)</br><br>	at cucumber.api.testng.TestNGCucumberRunner.runCucumber(TestNGCucumberRunner.java:63)</br><br>	at cucumber.api.testng.AbstractTestNGCucumberTests.feature(AbstractTestNGCucumberTests.java:21)</br><br>	at sun.reflect.NativeMethodAccessorImpl.invoke0(Native Method)</br><br>	at sun.reflect.NativeMethodAccessorImpl.invoke(NativeMethodAccessorImpl.java:62)</br><br>	at sun.reflect.DelegatingMethodAccessorImpl.invoke(DelegatingMethodAccessorImpl.java:43)</br><br>	at java.lang.reflect.Method.invoke(Method.java:498)</br><br>	at org.testng.internal.MethodInvocationHelper.invokeMethod(MethodInvocationHelper.java:108)</br><br>	at org.testng.internal.Invoker.invokeMethod(Invoker.java:661)</br><br>	at org.testng.internal.Invoker.invokeTestMethod(Invoker.java:869)</br><br>	at org.testng.internal.Invoker.invokeTestMethods(Invoker.java:1193)</br><br>	at org.testng.internal.TestMethodWorker.invokeTestMethods(TestMethodWorker.java:126)</br><br>	at org.testng.internal.TestMethodWorker.run(TestMethodWorker.java:109)</br><br>	at org.testng.TestRunner.privateRun(TestRunner.java:744)</br><br>	at org.testng.TestRunner.run(TestRunner.java:602)</br><br>	at org.testng.SuiteRunner.runTest(SuiteRunner.java:380)</br><br>	at org.testng.SuiteRunner.access&#36;000(SuiteRunner.java:39)</br><br>	at org.testng.SuiteRunner&#36;SuiteWorker.run(SuiteRunner.java:414)</br><br>	at org.testng.internal.thread.ThreadUtil&#36;1.call(ThreadUtil.java:52)</br><br>	at java.util.concurrent.FutureTask.run(FutureTask.java:266)</br><br>	at java.util.concurrent.ThreadPoolExecutor.runWorker(ThreadPoolExecutor.java:1149)</br><br>	at java.util.concurrent.ThreadPoolExecutor&#36;Worker.run(ThreadPoolExecutor.java:624)</br><br>	at java.lang.Thread.run(Thread.java:748)</br><br></br></td></tr><tr><td colspan="5"><sup><a href="#top">Back to Table of Contents</a></sup></td></tr></table></td></tr><tr><td colspan="5"></td></tr></table>
	</body>
</html>